**********************
Windows PowerShell transcript start
Start time: 20170806151535
Username: DONKEY\Alex
RunAs User: DONKEY\Alex
Machine: DONKEY (Microsoft Windows NT 10.0.15063.0)
Host Application: C:\Windows\System32\WindowsPowerShell\v1.0\powershell.exe -Command if((Get-ExecutionPolicy ) -ne 'AllSigned') { Set-ExecutionPolicy -Scope Process Bypass }; & 'C:\Users\Alex\Repositories\MusicSymbolClassifier\ModelTrainer\TrainModel.ps1'
Process ID: 7552
PSVersion: 5.1.15063.483
PSEdition: Desktop
PSCompatibleVersions: 1.0, 2.0, 3.0, 4.0, 5.0, 5.1.15063.483
BuildVersion: 10.0.15063.483
CLRVersion: 4.0.30319.42000
WSManStackVersion: 3.0
PSRemotingProtocolVersion: 2.3
SerializationVersion: 1.1.0.1
**********************
Transcript started, output file is C:\Users\Alex\Repositories\MusicSymbolClassifier\ModelTrainer\2017-08-05_res_net_2_48x48_no_fixed_canvas_Adadelta_mb32_homus_rebelo1_rebelo2_printed_audiveris_muscima_pp_fornes_openomr.txt
Using TensorFlow backend.
Deleting dataset directory data
Extracting HOMUS Dataset...
Generating 15200 images with 15200 symbols in 1 different stroke thicknesses ([3]) and with staff-lines with 1 different offsets from the top ([])
In directory C:\Users\Alex\Repositories\MusicSymbolClassifier\ModelTrainer\data\images
15200/15200
Extracting Rebelo Symbol Dataset 1...
Deleting temporary directory C:\Users\Alex\Repositories\MusicSymbolClassifier\ModelTrainer\Rebelo-Music-Symbol-Dataset1
Extracting Rebelo Symbol Dataset 2...
Deleting temporary directory C:\Users\Alex\Repositories\MusicSymbolClassifier\ModelTrainer\Rebelo-Music-Symbol-Dataset2
Extracting Printed Music Symbol dataset...
Deleting temporary directory C:\Users\Alex\Repositories\MusicSymbolClassifier\ModelTrainer\PrintedMusicSymbolsDataset
Extracting Fornes Music Symbol dataset...
Deleting temporary directory C:\Users\Alex\Repositories\MusicSymbolClassifier\ModelTrainer\Fornes-Music-Symbols
Extracting Audiveris OMR Dataset...
Extracting Symbols from Audiveris OMR Dataset...
Extracting MUSCIMA++ Dataset...
Extracting Symbols from Muscima++ Dataset...
Loading crop-objects from xml-files 140/140
Loaded 91255 crop-objects
Filtering 135 broken symbols
Filtering 7977 symbols from 7 ignored classes
Generating images from crop-object masks 37076/37076
Processing compound objects ...
Generating images from crop-object masks 18382/18382
Extracting OpenOMR dataset...
Deleting temporary directory C:\Users\Alex\Repositories\MusicSymbolClassifier\ModelTrainer\OpenOmrDataset
Resizing all images with the LANCZOS interpolation to 48x48px (width x height).
Resizing images 91054 of 91054Deleting split directories...
Splitting data into training, validation and test sets...
Copying 2 training files of 1-8-Time...
Copying 0 validation files of 1-8-Time...
Copying 0 test files of 1-8-Time...
Copying 323 training files of 12-8-Time...
Copying 40 validation files of 12-8-Time...
Copying 40 test files of 12-8-Time...
Copying 319 training files of 2-2-Time...
Copying 39 validation files of 2-2-Time...
Copying 39 test files of 2-2-Time...
Copying 353 training files of 2-4-Time...
Copying 44 validation files of 2-4-Time...
Copying 44 test files of 2-4-Time...
Copying 10 training files of 2-8-Time...
Copying 1 validation files of 2-8-Time...
Copying 1 test files of 2-8-Time...
Copying 387 training files of 3-4-Time...
Copying 48 validation files of 3-4-Time...
Copying 48 test files of 3-4-Time...
Copying 344 training files of 3-8-Time...
Copying 42 validation files of 3-8-Time...
Copying 42 test files of 3-8-Time...
Copying 6 training files of 4-2-Time...
Copying 0 validation files of 4-2-Time...
Copying 0 test files of 4-2-Time...
Copying 342 training files of 4-4-Time...
Copying 42 validation files of 4-4-Time...
Copying 42 test files of 4-4-Time...
Copying 1 training files of 4-8-Time...
Copying 0 validation files of 4-8-Time...
Copying 0 test files of 4-8-Time...
Copying 12 training files of 5-4-Time...
Copying 1 validation files of 5-4-Time...
Copying 1 test files of 5-4-Time...
Copying 11 training files of 5-8-Time...
Copying 1 validation files of 5-8-Time...
Copying 1 test files of 5-8-Time...
Copying 4 training files of 6-4-Time...
Copying 0 validation files of 6-4-Time...
Copying 0 test files of 6-4-Time...
Copying 337 training files of 6-8-Time...
Copying 42 validation files of 6-8-Time...
Copying 42 test files of 6-8-Time...
Copying 9 training files of 7-4-Time...
Copying 0 validation files of 7-4-Time...
Copying 0 test files of 7-4-Time...
Copying 6 training files of 8-8-Time...
Copying 0 validation files of 8-8-Time...
Copying 0 test files of 8-8-Time...
Copying 326 training files of 9-8-Time...
Copying 40 validation files of 9-8-Time...
Copying 40 test files of 9-8-Time...
Copying 497 training files of Accent...
Copying 62 validation files of Accent...
Copying 62 test files of Accent...
Copying 17 training files of Arpeggio...
Copying 2 validation files of Arpeggio...
Copying 2 test files of Arpeggio...
Copying 5438 training files of Barline...
Copying 679 validation files of Barline...
Copying 679 test files of Barline...
Copying 6537 training files of Beam...
Copying 816 validation files of Beam...
Copying 816 test files of Beam...
Copying 289 training files of Brace...
Copying 35 validation files of Brace...
Copying 35 test files of Brace...
Copying 11 training files of Breath-Mark...
Copying 1 validation files of Breath-Mark...
Copying 1 test files of Breath-Mark...
Copying 22 training files of Breve...
Copying 2 validation files of Breve...
Copying 2 test files of Breve...
Copying 1353 training files of C-Clef...
Copying 168 validation files of C-Clef...
Copying 168 test files of C-Clef...
Copying 96 training files of Chord...
Copying 11 validation files of Chord...
Copying 11 test files of Chord...
Copying 2 training files of Coda...
Copying 0 validation files of Coda...
Copying 0 test files of Coda...
Copying 2 training files of Coda-Square...
Copying 0 validation files of Coda-Square...
Copying 0 test files of Coda-Square...
Copying 550 training files of Common-Time...
Copying 68 validation files of Common-Time...
Copying 68 test files of Common-Time...
Copying 510 training files of Cut-Time...
Copying 63 validation files of Cut-Time...
Copying 63 test files of Cut-Time...
Copying 3816 training files of Dot...
Copying 477 validation files of Dot...
Copying 477 test files of Dot...
Copying 8 training files of Dotted-Horizontal-Spanner...
Copying 0 validation files of Dotted-Horizontal-Spanner...
Copying 0 test files of Dotted-Horizontal-Spanner...
Copying 1 training files of Double-Flat...
Copying 0 validation files of Double-Flat...
Copying 0 test files of Double-Flat...
Copying 751 training files of Double-Sharp...
Copying 93 validation files of Double-Sharp...
Copying 93 test files of Double-Sharp...
Copying 120 training files of Double-Whole-Rest...
Copying 15 validation files of Double-Whole-Rest...
Copying 15 test files of Double-Whole-Rest...
Copying 14 training files of Eighth-Grace-Note...
Copying 1 validation files of Eighth-Grace-Note...
Copying 1 test files of Eighth-Grace-Note...
Copying 2511 training files of Eighth-Note...
Copying 313 validation files of Eighth-Note...
Copying 313 test files of Eighth-Note...
Copying 1805 training files of Eighth-Rest...
Copying 225 validation files of Eighth-Rest...
Copying 225 test files of Eighth-Rest...
Copying 1261 training files of F-Clef...
Copying 157 validation files of F-Clef...
Copying 157 test files of F-Clef...
Copying 111 training files of Fermata...
Copying 13 validation files of Fermata...
Copying 13 test files of Fermata...
Copying 2496 training files of Flat...
Copying 311 validation files of Flat...
Copying 311 test files of Flat...
Copying 1984 training files of G-Clef...
Copying 247 validation files of G-Clef...
Copying 247 test files of G-Clef...
Copying 97 training files of Glissando...
Copying 12 validation files of Glissando...
Copying 12 test files of Glissando...
Copying 179 training files of Hairpin-Crescendo...
Copying 22 validation files of Hairpin-Crescendo...
Copying 22 test files of Hairpin-Crescendo...
Copying 213 training files of Hairpin-Decrescendo...
Copying 26 validation files of Hairpin-Decrescendo...
Copying 26 test files of Hairpin-Decrescendo...
Copying 1192 training files of Half-Note...
Copying 148 validation files of Half-Note...
Copying 148 test files of Half-Note...
Copying 10 training files of Horizontal-Spanner...
Copying 1 validation files of Horizontal-Spanner...
Copying 1 test files of Horizontal-Spanner...
Copying 64 training files of Marcato...
Copying 7 validation files of Marcato...
Copying 7 test files of Marcato...
Copying 70 training files of Mordent...
Copying 8 validation files of Mordent...
Copying 8 test files of Mordent...
Copying 78 training files of Multiple-Eighth-Notes...
Copying 9 validation files of Multiple-Eighth-Notes...
Copying 9 test files of Multiple-Eighth-Notes...
Copying 27 training files of Multiple-Half-Notes...
Copying 3 validation files of Multiple-Half-Notes...
Copying 3 test files of Multiple-Half-Notes...
Copying 195 training files of Multiple-Quarter-Notes...
Copying 24 validation files of Multiple-Quarter-Notes...
Copying 24 test files of Multiple-Quarter-Notes...
Copying 69 training files of Multiple-Sixteenth-Notes...
Copying 8 validation files of Multiple-Sixteenth-Notes...
Copying 8 test files of Multiple-Sixteenth-Notes...
Copying 2511 training files of Natural...
Copying 313 validation files of Natural...
Copying 313 test files of Natural...
Copying 3 training files of Onehundred-Twenty-Eight-Note...
Copying 0 validation files of Onehundred-Twenty-Eight-Note...
Copying 0 test files of Onehundred-Twenty-Eight-Note...
Copying 3 training files of Onehundred-Twenty-Eight-Rest...
Copying 0 validation files of Onehundred-Twenty-Eight-Rest...
Copying 0 test files of Onehundred-Twenty-Eight-Rest...
Copying 5313 training files of Other...
Copying 664 validation files of Other...
Copying 664 test files of Other...
Copying 14356 training files of Quarter-Note...
Copying 1794 validation files of Quarter-Note...
Copying 1794 test files of Quarter-Note...
Copying 1417 training files of Quarter-Rest...
Copying 177 validation files of Quarter-Rest...
Copying 177 test files of Quarter-Rest...
Copying 14 training files of Repeat-Measure...
Copying 1 validation files of Repeat-Measure...
Copying 1 test files of Repeat-Measure...
Copying 2 training files of Segno...
Copying 0 validation files of Segno...
Copying 0 test files of Segno...
Copying 3424 training files of Sharp...
Copying 428 validation files of Sharp...
Copying 428 test files of Sharp...
Copying 1001 training files of Sixteenth-Note...
Copying 124 validation files of Sixteenth-Note...
Copying 124 test files of Sixteenth-Note...
Copying 936 training files of Sixteenth-Rest...
Copying 117 validation files of Sixteenth-Rest...
Copying 117 test files of Sixteenth-Rest...
Copying 706 training files of Sixty-Four-Note...
Copying 88 validation files of Sixty-Four-Note...
Copying 88 test files of Sixty-Four-Note...
Copying 433 training files of Sixty-Four-Rest...
Copying 54 validation files of Sixty-Four-Rest...
Copying 54 test files of Sixty-Four-Rest...
Copying 97 training files of Staccatissimo...
Copying 11 validation files of Staccatissimo...
Copying 11 test files of Staccatissimo...
Copying 69 training files of Stopped...
Copying 8 validation files of Stopped...
Copying 8 test files of Stopped...
Copying 193 training files of Tenuto...
Copying 24 validation files of Tenuto...
Copying 24 test files of Tenuto...
Copying 762 training files of Thirty-Two-Note...
Copying 95 validation files of Thirty-Two-Note...
Copying 95 test files of Thirty-Two-Note...
Copying 508 training files of Thirty-Two-Rest...
Copying 63 validation files of Thirty-Two-Rest...
Copying 63 test files of Thirty-Two-Rest...
Copying 3018 training files of Tie-Slur...
Copying 377 validation files of Tie-Slur...
Copying 377 test files of Tie-Slur...
Copying 145 training files of Trill...
Copying 17 validation files of Trill...
Copying 17 test files of Trill...
Copying 19 training files of Trill-Wobble...
Copying 2 validation files of Trill-Wobble...
Copying 2 test files of Trill-Wobble...
Copying 59 training files of Tuplet...
Copying 7 validation files of Tuplet...
Copying 7 test files of Tuplet...
Copying 65 training files of Turn...
Copying 8 validation files of Turn...
Copying 8 test files of Turn...
Copying 10 training files of Volta...
Copying 1 validation files of Volta...
Copying 1 test files of Volta...
Copying 783 training files of Whole-Half-Rest...
Copying 97 validation files of Whole-Half-Rest...
Copying 97 test files of Whole-Half-Rest...
Copying 1877 training files of Whole-Note...
Copying 234 validation files of Whole-Note...
Copying 234 test files of Whole-Note...
Loading configuration and data-readers...
Found 72912 images belonging to 79 classes.
Found 9071 images belonging to 79 classes.
Found 9071 images belonging to 79 classes.
Traceback (most recent call last):
  File "C:\Programming\Anaconda3\lib\site-packages\tensorflow\python\framework\common_shapes.py", line 671, in _call_cpp_shape_fn_impl
    input_tensors_as_shapes, status)
  File "C:\Programming\Anaconda3\lib\contextlib.py", line 89, in __exit__
    next(self.gen)
  File "C:\Programming\Anaconda3\lib\site-packages\tensorflow\python\framework\errors_impl.py", line 466, in raise_exception_on_not_ok_status
    pywrap_tensorflow.TF_GetCode(status))
tensorflow.python.framework.errors_impl.InvalidArgumentError: Negative dimension size caused by subtracting 2 from 1 for 'average_pooling2d_1/AvgPool' (op: 'AvgPool') with input shapes: [?,1,1,256].

During handling of the above exception, another exception occurred:

Traceback (most recent call last):
  File "C:/Users/Alex/Repositories/MusicSymbolClassifier/ModelTrainer/TrainModel.py", line 268, in <module>
    datasets=datasets)
  File "C:/Users/Alex/Repositories/MusicSymbolClassifier/ModelTrainer/TrainModel.py", line 80, in train_model
    model = training_configuration.classifier()
  File "C:\Users\Alex\Repositories\MusicSymbolClassifier\ModelTrainer\models\ResNet2Configuration.py", line 43, in classifier
    layer = AveragePooling2D()(layer)
  File "C:\Programming\Anaconda3\lib\site-packages\keras\engine\topology.py", line 596, in __call__
    output = self.call(inputs, **kwargs)
  File "C:\Programming\Anaconda3\lib\site-packages\keras\layers\pooling.py", line 154, in call
    data_format=self.data_format)
  File "C:\Programming\Anaconda3\lib\site-packages\keras\layers\pooling.py", line 271, in _pooling_function
    padding, data_format, pool_mode='avg')
  File "C:\Programming\Anaconda3\lib\site-packages\keras\backend\tensorflow_backend.py", line 3380, in pool2d
    x = tf.nn.avg_pool(x, pool_size, strides, padding=padding)
  File "C:\Programming\Anaconda3\lib\site-packages\tensorflow\python\ops\nn_ops.py", line 1741, in avg_pool
    name=name)
  File "C:\Programming\Anaconda3\lib\site-packages\tensorflow\python\ops\gen_nn_ops.py", line 48, in _avg_pool
    data_format=data_format, name=name)
  File "C:\Programming\Anaconda3\lib\site-packages\tensorflow\python\framework\op_def_library.py", line 767, in apply_op
    op_def=op_def)
  File "C:\Programming\Anaconda3\lib\site-packages\tensorflow\python\framework\ops.py", line 2508, in create_op
    set_shapes_for_outputs(ret)
  File "C:\Programming\Anaconda3\lib\site-packages\tensorflow\python\framework\ops.py", line 1873, in set_shapes_for_outputs
    shapes = shape_func(op)
  File "C:\Programming\Anaconda3\lib\site-packages\tensorflow\python\framework\ops.py", line 1823, in call_with_requiring
    return call_cpp_shape_fn(op, require_shape_fn=True)
  File "C:\Programming\Anaconda3\lib\site-packages\tensorflow\python\framework\common_shapes.py", line 610, in call_cpp_shape_fn
    debug_python_shape_fn, require_shape_fn)
  File "C:\Programming\Anaconda3\lib\site-packages\tensorflow\python\framework\common_shapes.py", line 676, in _call_cpp_shape_fn_impl
    raise ValueError(err.message)
ValueError: Negative dimension size caused by subtracting 2 from 1 for 'average_pooling2d_1/AvgPool' (op: 'AvgPool') with input shapes: [?,1,1,256].
**********************
Windows PowerShell transcript end
End time: 20170806153050
**********************
