**********************
Windows PowerShell transcript start
Start time: 20170808010315
Username: DONKEY\Alex
RunAs User: DONKEY\Alex
Machine: DONKEY (Microsoft Windows NT 10.0.15063.0)
Host Application: C:\Windows\System32\WindowsPowerShell\v1.0\powershell.exe -Command if((Get-ExecutionPolicy ) -ne 'AllSigned') { Set-ExecutionPolicy -Scope Process Bypass }; & 'C:\Users\Alex\Repositories\MusicSymbolClassifier\ModelTrainer\TrainModel.ps1'
Process ID: 8012
PSVersion: 5.1.15063.483
PSEdition: Desktop
PSCompatibleVersions: 1.0, 2.0, 3.0, 4.0, 5.0, 5.1.15063.483
BuildVersion: 10.0.15063.483
CLRVersion: 4.0.30319.42000
WSManStackVersion: 3.0
PSRemotingProtocolVersion: 2.3
SerializationVersion: 1.1.0.1
**********************
Transcript started, output file is C:\Users\Alex\Repositories\MusicSymbolClassifier\ModelTrainer\2017-08-07_res_net_1_48x48_no_fixed_canvas_Adadelta_mb32_homus_rebelo1_rebelo2_printed_audiveris_muscima_pp_fornes_openomr.txt
Using TensorFlow backend.
Deleting dataset directory data
Extracting HOMUS Dataset...
Generating 15200 images with 15200 symbols in 1 different stroke thicknesses ([3]) and with staff-lines with 1 different offsets from the top ([])
In directory C:\Users\Alex\Repositories\MusicSymbolClassifier\ModelTrainer\data\images
15200/15200
Extracting Rebelo Symbol Dataset 1...
Deleting temporary directory C:\Users\Alex\Repositories\MusicSymbolClassifier\ModelTrainer\Rebelo-Music-Symbol-Dataset1
Extracting Rebelo Symbol Dataset 2...
Deleting temporary directory C:\Users\Alex\Repositories\MusicSymbolClassifier\ModelTrainer\Rebelo-Music-Symbol-Dataset2
Extracting Printed Music Symbol dataset...
Deleting temporary directory C:\Users\Alex\Repositories\MusicSymbolClassifier\ModelTrainer\PrintedMusicSymbolsDataset
Extracting Fornes Music Symbol dataset...
Deleting temporary directory C:\Users\Alex\Repositories\MusicSymbolClassifier\ModelTrainer\Fornes-Music-Symbols
Extracting Audiveris OMR Dataset...
Extracting Symbols from Audiveris OMR Dataset...
Extracting MUSCIMA++ Dataset...
Extracting Symbols from Muscima++ Dataset...
Loading crop-objects from xml-files 140/140
Loaded 91255 crop-objects
Filtering 135 broken symbols
Filtering 7977 symbols from 7 ignored classes
Generating images from crop-object masks 37076/37076
Processing compound objects ...
Generating images from crop-object masks 18382/18382
Extracting OpenOMR dataset...
Deleting temporary directory C:\Users\Alex\Repositories\MusicSymbolClassifier\ModelTrainer\OpenOmrDataset
Resizing all images with the LANCZOS interpolation to 48x96px (width x height).
Resizing images 91054 of 91054Deleting split directories...
Splitting data into training, validation and test sets...
Copying 2 training files of 1-8-Time...
Copying 0 validation files of 1-8-Time...
Copying 0 test files of 1-8-Time...
Copying 323 training files of 12-8-Time...
Copying 40 validation files of 12-8-Time...
Copying 40 test files of 12-8-Time...
Copying 319 training files of 2-2-Time...
Copying 39 validation files of 2-2-Time...
Copying 39 test files of 2-2-Time...
Copying 353 training files of 2-4-Time...
Copying 44 validation files of 2-4-Time...
Copying 44 test files of 2-4-Time...
Copying 10 training files of 2-8-Time...
Copying 1 validation files of 2-8-Time...
Copying 1 test files of 2-8-Time...
Copying 387 training files of 3-4-Time...
Copying 48 validation files of 3-4-Time...
Copying 48 test files of 3-4-Time...
Copying 344 training files of 3-8-Time...
Copying 42 validation files of 3-8-Time...
Copying 42 test files of 3-8-Time...
Copying 6 training files of 4-2-Time...
Copying 0 validation files of 4-2-Time...
Copying 0 test files of 4-2-Time...
Copying 342 training files of 4-4-Time...
Copying 42 validation files of 4-4-Time...
Copying 42 test files of 4-4-Time...
Copying 1 training files of 4-8-Time...
Copying 0 validation files of 4-8-Time...
Copying 0 test files of 4-8-Time...
Copying 12 training files of 5-4-Time...
Copying 1 validation files of 5-4-Time...
Copying 1 test files of 5-4-Time...
Copying 11 training files of 5-8-Time...
Copying 1 validation files of 5-8-Time...
Copying 1 test files of 5-8-Time...
Copying 4 training files of 6-4-Time...
Copying 0 validation files of 6-4-Time...
Copying 0 test files of 6-4-Time...
Copying 337 training files of 6-8-Time...
Copying 42 validation files of 6-8-Time...
Copying 42 test files of 6-8-Time...
Copying 9 training files of 7-4-Time...
Copying 0 validation files of 7-4-Time...
Copying 0 test files of 7-4-Time...
Copying 6 training files of 8-8-Time...
Copying 0 validation files of 8-8-Time...
Copying 0 test files of 8-8-Time...
Copying 326 training files of 9-8-Time...
Copying 40 validation files of 9-8-Time...
Copying 40 test files of 9-8-Time...
Copying 497 training files of Accent...
Copying 62 validation files of Accent...
Copying 62 test files of Accent...
Copying 17 training files of Arpeggio...
Copying 2 validation files of Arpeggio...
Copying 2 test files of Arpeggio...
Copying 5438 training files of Barline...
Copying 679 validation files of Barline...
Copying 679 test files of Barline...
Copying 6537 training files of Beam...
Copying 816 validation files of Beam...
Copying 816 test files of Beam...
Copying 289 training files of Brace...
Copying 35 validation files of Brace...
Copying 35 test files of Brace...
Copying 11 training files of Breath-Mark...
Copying 1 validation files of Breath-Mark...
Copying 1 test files of Breath-Mark...
Copying 22 training files of Breve...
Copying 2 validation files of Breve...
Copying 2 test files of Breve...
Copying 1353 training files of C-Clef...
Copying 168 validation files of C-Clef...
Copying 168 test files of C-Clef...
Copying 96 training files of Chord...
Copying 11 validation files of Chord...
Copying 11 test files of Chord...
Copying 2 training files of Coda...
Copying 0 validation files of Coda...
Copying 0 test files of Coda...
Copying 2 training files of Coda-Square...
Copying 0 validation files of Coda-Square...
Copying 0 test files of Coda-Square...
Copying 550 training files of Common-Time...
Copying 68 validation files of Common-Time...
Copying 68 test files of Common-Time...
Copying 510 training files of Cut-Time...
Copying 63 validation files of Cut-Time...
Copying 63 test files of Cut-Time...
Copying 3816 training files of Dot...
Copying 477 validation files of Dot...
Copying 477 test files of Dot...
Copying 8 training files of Dotted-Horizontal-Spanner...
Copying 0 validation files of Dotted-Horizontal-Spanner...
Copying 0 test files of Dotted-Horizontal-Spanner...
Copying 1 training files of Double-Flat...
Copying 0 validation files of Double-Flat...
Copying 0 test files of Double-Flat...
Copying 751 training files of Double-Sharp...
Copying 93 validation files of Double-Sharp...
Copying 93 test files of Double-Sharp...
Copying 120 training files of Double-Whole-Rest...
Copying 15 validation files of Double-Whole-Rest...
Copying 15 test files of Double-Whole-Rest...
Copying 14 training files of Eighth-Grace-Note...
Copying 1 validation files of Eighth-Grace-Note...
Copying 1 test files of Eighth-Grace-Note...
Copying 2511 training files of Eighth-Note...
Copying 313 validation files of Eighth-Note...
Copying 313 test files of Eighth-Note...
Copying 1805 training files of Eighth-Rest...
Copying 225 validation files of Eighth-Rest...
Copying 225 test files of Eighth-Rest...
Copying 1261 training files of F-Clef...
Copying 157 validation files of F-Clef...
Copying 157 test files of F-Clef...
Copying 111 training files of Fermata...
Copying 13 validation files of Fermata...
Copying 13 test files of Fermata...
Copying 2496 training files of Flat...
Copying 311 validation files of Flat...
Copying 311 test files of Flat...
Copying 1984 training files of G-Clef...
Copying 247 validation files of G-Clef...
Copying 247 test files of G-Clef...
Copying 97 training files of Glissando...
Copying 12 validation files of Glissando...
Copying 12 test files of Glissando...
Copying 179 training files of Hairpin-Crescendo...
Copying 22 validation files of Hairpin-Crescendo...
Copying 22 test files of Hairpin-Crescendo...
Copying 213 training files of Hairpin-Decrescendo...
Copying 26 validation files of Hairpin-Decrescendo...
Copying 26 test files of Hairpin-Decrescendo...
Copying 1192 training files of Half-Note...
Copying 148 validation files of Half-Note...
Copying 148 test files of Half-Note...
Copying 10 training files of Horizontal-Spanner...
Copying 1 validation files of Horizontal-Spanner...
Copying 1 test files of Horizontal-Spanner...
Copying 64 training files of Marcato...
Copying 7 validation files of Marcato...
Copying 7 test files of Marcato...
Copying 70 training files of Mordent...
Copying 8 validation files of Mordent...
Copying 8 test files of Mordent...
Copying 78 training files of Multiple-Eighth-Notes...
Copying 9 validation files of Multiple-Eighth-Notes...
Copying 9 test files of Multiple-Eighth-Notes...
Copying 27 training files of Multiple-Half-Notes...
Copying 3 validation files of Multiple-Half-Notes...
Copying 3 test files of Multiple-Half-Notes...
Copying 195 training files of Multiple-Quarter-Notes...
Copying 24 validation files of Multiple-Quarter-Notes...
Copying 24 test files of Multiple-Quarter-Notes...
Copying 69 training files of Multiple-Sixteenth-Notes...
Copying 8 validation files of Multiple-Sixteenth-Notes...
Copying 8 test files of Multiple-Sixteenth-Notes...
Copying 2511 training files of Natural...
Copying 313 validation files of Natural...
Copying 313 test files of Natural...
Copying 3 training files of Onehundred-Twenty-Eight-Note...
Copying 0 validation files of Onehundred-Twenty-Eight-Note...
Copying 0 test files of Onehundred-Twenty-Eight-Note...
Copying 3 training files of Onehundred-Twenty-Eight-Rest...
Copying 0 validation files of Onehundred-Twenty-Eight-Rest...
Copying 0 test files of Onehundred-Twenty-Eight-Rest...
Copying 5313 training files of Other...
Copying 664 validation files of Other...
Copying 664 test files of Other...
Copying 14356 training files of Quarter-Note...
Copying 1794 validation files of Quarter-Note...
Copying 1794 test files of Quarter-Note...
Copying 1417 training files of Quarter-Rest...
Copying 177 validation files of Quarter-Rest...
Copying 177 test files of Quarter-Rest...
Copying 14 training files of Repeat-Measure...
Copying 1 validation files of Repeat-Measure...
Copying 1 test files of Repeat-Measure...
Copying 2 training files of Segno...
Copying 0 validation files of Segno...
Copying 0 test files of Segno...
Copying 3424 training files of Sharp...
Copying 428 validation files of Sharp...
Copying 428 test files of Sharp...
Copying 1001 training files of Sixteenth-Note...
Copying 124 validation files of Sixteenth-Note...
Copying 124 test files of Sixteenth-Note...
Copying 936 training files of Sixteenth-Rest...
Copying 117 validation files of Sixteenth-Rest...
Copying 117 test files of Sixteenth-Rest...
Copying 706 training files of Sixty-Four-Note...
Copying 88 validation files of Sixty-Four-Note...
Copying 88 test files of Sixty-Four-Note...
Copying 433 training files of Sixty-Four-Rest...
Copying 54 validation files of Sixty-Four-Rest...
Copying 54 test files of Sixty-Four-Rest...
Copying 97 training files of Staccatissimo...
Copying 11 validation files of Staccatissimo...
Copying 11 test files of Staccatissimo...
Copying 69 training files of Stopped...
Copying 8 validation files of Stopped...
Copying 8 test files of Stopped...
Copying 193 training files of Tenuto...
Copying 24 validation files of Tenuto...
Copying 24 test files of Tenuto...
Copying 762 training files of Thirty-Two-Note...
Copying 95 validation files of Thirty-Two-Note...
Copying 95 test files of Thirty-Two-Note...
Copying 508 training files of Thirty-Two-Rest...
Copying 63 validation files of Thirty-Two-Rest...
Copying 63 test files of Thirty-Two-Rest...
Copying 3018 training files of Tie-Slur...
Copying 377 validation files of Tie-Slur...
Copying 377 test files of Tie-Slur...
Copying 145 training files of Trill...
Copying 17 validation files of Trill...
Copying 17 test files of Trill...
Copying 19 training files of Trill-Wobble...
Copying 2 validation files of Trill-Wobble...
Copying 2 test files of Trill-Wobble...
Copying 59 training files of Tuplet...
Copying 7 validation files of Tuplet...
Copying 7 test files of Tuplet...
Copying 65 training files of Turn...
Copying 8 validation files of Turn...
Copying 8 test files of Turn...
Copying 10 training files of Volta...
Copying 1 validation files of Volta...
Copying 1 test files of Volta...
Copying 783 training files of Whole-Half-Rest...
Copying 97 validation files of Whole-Half-Rest...
Copying 97 test files of Whole-Half-Rest...
Copying 1877 training files of Whole-Note...
Copying 234 validation files of Whole-Note...
Copying 234 test files of Whole-Note...
Loading configuration and data-readers...
Found 72912 images belonging to 79 classes.
Found 9071 images belonging to 79 classes.
Found 9071 images belonging to 79 classes.
____________________________________________________________________________________________________
Layer (type)                     Output Shape          Param #     Connected to
====================================================================================================
input_1 (InputLayer)             (None, 96, 48, 3)     0
____________________________________________________________________________________________________
conv1 (Conv2D)                   (None, 48, 24, 64)    9472        input_1[0][0]
____________________________________________________________________________________________________
batch_normalization_1 (BatchNorm (None, 48, 24, 64)    256         conv1[0][0]
____________________________________________________________________________________________________
activation_1 (Activation)        (None, 48, 24, 64)    0           batch_normalization_1[0][0]
____________________________________________________________________________________________________
max_pooling2d_1 (MaxPooling2D)   (None, 24, 12, 64)    0           activation_1[0][0]
____________________________________________________________________________________________________
conv2_1_a (Conv2D)               (None, 24, 12, 64)    36928       max_pooling2d_1[0][0]
____________________________________________________________________________________________________
batch_normalization_2 (BatchNorm (None, 24, 12, 64)    256         conv2_1_a[0][0]
____________________________________________________________________________________________________
activation_2 (Activation)        (None, 24, 12, 64)    0           batch_normalization_2[0][0]
____________________________________________________________________________________________________
conv2_1_b (Conv2D)               (None, 24, 12, 64)    36928       activation_2[0][0]
____________________________________________________________________________________________________
batch_normalization_3 (BatchNorm (None, 24, 12, 64)    256         conv2_1_b[0][0]
____________________________________________________________________________________________________
activation_3 (Activation)        (None, 24, 12, 64)    0           batch_normalization_3[0][0]
____________________________________________________________________________________________________
add_1 (Add)                      (None, 24, 12, 64)    0           activation_3[0][0]
                                                                   max_pooling2d_1[0][0]
____________________________________________________________________________________________________
conv2_2_a (Conv2D)               (None, 24, 12, 64)    36928       add_1[0][0]
____________________________________________________________________________________________________
batch_normalization_4 (BatchNorm (None, 24, 12, 64)    256         conv2_2_a[0][0]
____________________________________________________________________________________________________
activation_4 (Activation)        (None, 24, 12, 64)    0           batch_normalization_4[0][0]
____________________________________________________________________________________________________
conv2_2_b (Conv2D)               (None, 24, 12, 64)    36928       activation_4[0][0]
____________________________________________________________________________________________________
batch_normalization_5 (BatchNorm (None, 24, 12, 64)    256         conv2_2_b[0][0]
____________________________________________________________________________________________________
activation_5 (Activation)        (None, 24, 12, 64)    0           batch_normalization_5[0][0]
____________________________________________________________________________________________________
add_2 (Add)                      (None, 24, 12, 64)    0           activation_5[0][0]
                                                                   add_1[0][0]
____________________________________________________________________________________________________
conv2_3_a (Conv2D)               (None, 24, 12, 64)    36928       add_2[0][0]
____________________________________________________________________________________________________
batch_normalization_6 (BatchNorm (None, 24, 12, 64)    256         conv2_3_a[0][0]
____________________________________________________________________________________________________
activation_6 (Activation)        (None, 24, 12, 64)    0           batch_normalization_6[0][0]
____________________________________________________________________________________________________
conv2_3_b (Conv2D)               (None, 24, 12, 64)    36928       activation_6[0][0]
____________________________________________________________________________________________________
batch_normalization_7 (BatchNorm (None, 24, 12, 64)    256         conv2_3_b[0][0]
____________________________________________________________________________________________________
activation_7 (Activation)        (None, 24, 12, 64)    0           batch_normalization_7[0][0]
____________________________________________________________________________________________________
add_3 (Add)                      (None, 24, 12, 64)    0           activation_7[0][0]
                                                                   add_2[0][0]
____________________________________________________________________________________________________
conv3_1_a (Conv2D)               (None, 12, 6, 128)    73856       add_3[0][0]
____________________________________________________________________________________________________
batch_normalization_8 (BatchNorm (None, 12, 6, 128)    512         conv3_1_a[0][0]
____________________________________________________________________________________________________
activation_8 (Activation)        (None, 12, 6, 128)    0           batch_normalization_8[0][0]
____________________________________________________________________________________________________
conv3_1_b (Conv2D)               (None, 12, 6, 128)    147584      activation_8[0][0]
____________________________________________________________________________________________________
batch_normalization_9 (BatchNorm (None, 12, 6, 128)    512         conv3_1_b[0][0]
____________________________________________________________________________________________________
activation_9 (Activation)        (None, 12, 6, 128)    0           batch_normalization_9[0][0]
____________________________________________________________________________________________________
conv3_1_shortcut (Conv2D)        (None, 12, 6, 128)    8320        add_3[0][0]
____________________________________________________________________________________________________
add_4 (Add)                      (None, 12, 6, 128)    0           activation_9[0][0]
                                                                   conv3_1_shortcut[0][0]
____________________________________________________________________________________________________
conv3_2_a (Conv2D)               (None, 12, 6, 128)    147584      add_4[0][0]
____________________________________________________________________________________________________
batch_normalization_10 (BatchNor (None, 12, 6, 128)    512         conv3_2_a[0][0]
____________________________________________________________________________________________________
activation_10 (Activation)       (None, 12, 6, 128)    0           batch_normalization_10[0][0]
____________________________________________________________________________________________________
conv3_2_b (Conv2D)               (None, 12, 6, 128)    147584      activation_10[0][0]
____________________________________________________________________________________________________
batch_normalization_11 (BatchNor (None, 12, 6, 128)    512         conv3_2_b[0][0]
____________________________________________________________________________________________________
activation_11 (Activation)       (None, 12, 6, 128)    0           batch_normalization_11[0][0]
____________________________________________________________________________________________________
add_5 (Add)                      (None, 12, 6, 128)    0           activation_11[0][0]
                                                                   add_4[0][0]
____________________________________________________________________________________________________
conv3_3_a (Conv2D)               (None, 12, 6, 128)    147584      add_5[0][0]
____________________________________________________________________________________________________
batch_normalization_12 (BatchNor (None, 12, 6, 128)    512         conv3_3_a[0][0]
____________________________________________________________________________________________________
activation_12 (Activation)       (None, 12, 6, 128)    0           batch_normalization_12[0][0]
____________________________________________________________________________________________________
conv3_3_b (Conv2D)               (None, 12, 6, 128)    147584      activation_12[0][0]
____________________________________________________________________________________________________
batch_normalization_13 (BatchNor (None, 12, 6, 128)    512         conv3_3_b[0][0]
____________________________________________________________________________________________________
activation_13 (Activation)       (None, 12, 6, 128)    0           batch_normalization_13[0][0]
____________________________________________________________________________________________________
add_6 (Add)                      (None, 12, 6, 128)    0           activation_13[0][0]
                                                                   add_5[0][0]
____________________________________________________________________________________________________
conv4_1_a (Conv2D)               (None, 6, 3, 256)     295168      add_6[0][0]
____________________________________________________________________________________________________
batch_normalization_14 (BatchNor (None, 6, 3, 256)     1024        conv4_1_a[0][0]
____________________________________________________________________________________________________
activation_14 (Activation)       (None, 6, 3, 256)     0           batch_normalization_14[0][0]
____________________________________________________________________________________________________
conv4_1_b (Conv2D)               (None, 6, 3, 256)     590080      activation_14[0][0]
____________________________________________________________________________________________________
batch_normalization_15 (BatchNor (None, 6, 3, 256)     1024        conv4_1_b[0][0]
____________________________________________________________________________________________________
activation_15 (Activation)       (None, 6, 3, 256)     0           batch_normalization_15[0][0]
____________________________________________________________________________________________________
conv4_1_shortcut (Conv2D)        (None, 6, 3, 256)     33024       add_6[0][0]
____________________________________________________________________________________________________
add_7 (Add)                      (None, 6, 3, 256)     0           activation_15[0][0]
                                                                   conv4_1_shortcut[0][0]
____________________________________________________________________________________________________
conv4_2_a (Conv2D)               (None, 6, 3, 256)     590080      add_7[0][0]
____________________________________________________________________________________________________
batch_normalization_16 (BatchNor (None, 6, 3, 256)     1024        conv4_2_a[0][0]
____________________________________________________________________________________________________
activation_16 (Activation)       (None, 6, 3, 256)     0           batch_normalization_16[0][0]
____________________________________________________________________________________________________
conv4_2_b (Conv2D)               (None, 6, 3, 256)     590080      activation_16[0][0]
____________________________________________________________________________________________________
batch_normalization_17 (BatchNor (None, 6, 3, 256)     1024        conv4_2_b[0][0]
____________________________________________________________________________________________________
activation_17 (Activation)       (None, 6, 3, 256)     0           batch_normalization_17[0][0]
____________________________________________________________________________________________________
add_8 (Add)                      (None, 6, 3, 256)     0           activation_17[0][0]
                                                                   add_7[0][0]
____________________________________________________________________________________________________
conv4_3_a (Conv2D)               (None, 6, 3, 256)     590080      add_8[0][0]
____________________________________________________________________________________________________
batch_normalization_18 (BatchNor (None, 6, 3, 256)     1024        conv4_3_a[0][0]
____________________________________________________________________________________________________
activation_18 (Activation)       (None, 6, 3, 256)     0           batch_normalization_18[0][0]
____________________________________________________________________________________________________
conv4_3_b (Conv2D)               (None, 6, 3, 256)     590080      activation_18[0][0]
____________________________________________________________________________________________________
batch_normalization_19 (BatchNor (None, 6, 3, 256)     1024        conv4_3_b[0][0]
____________________________________________________________________________________________________
activation_19 (Activation)       (None, 6, 3, 256)     0           batch_normalization_19[0][0]
____________________________________________________________________________________________________
add_9 (Add)                      (None, 6, 3, 256)     0           activation_19[0][0]
                                                                   add_8[0][0]
____________________________________________________________________________________________________
conv5_1_a (Conv2D)               (None, 3, 2, 512)     1180160     add_9[0][0]
____________________________________________________________________________________________________
batch_normalization_20 (BatchNor (None, 3, 2, 512)     2048        conv5_1_a[0][0]
____________________________________________________________________________________________________
activation_20 (Activation)       (None, 3, 2, 512)     0           batch_normalization_20[0][0]
____________________________________________________________________________________________________
conv5_1_b (Conv2D)               (None, 3, 2, 512)     2359808     activation_20[0][0]
____________________________________________________________________________________________________
batch_normalization_21 (BatchNor (None, 3, 2, 512)     2048        conv5_1_b[0][0]
____________________________________________________________________________________________________
activation_21 (Activation)       (None, 3, 2, 512)     0           batch_normalization_21[0][0]
____________________________________________________________________________________________________
conv5_1_shortcut (Conv2D)        (None, 3, 2, 512)     131584      add_9[0][0]
____________________________________________________________________________________________________
add_10 (Add)                     (None, 3, 2, 512)     0           activation_21[0][0]
                                                                   conv5_1_shortcut[0][0]
____________________________________________________________________________________________________
conv5_2_a (Conv2D)               (None, 3, 2, 512)     2359808     add_10[0][0]
____________________________________________________________________________________________________
batch_normalization_22 (BatchNor (None, 3, 2, 512)     2048        conv5_2_a[0][0]
____________________________________________________________________________________________________
activation_22 (Activation)       (None, 3, 2, 512)     0           batch_normalization_22[0][0]
____________________________________________________________________________________________________
conv5_2_b (Conv2D)               (None, 3, 2, 512)     2359808     activation_22[0][0]
____________________________________________________________________________________________________
batch_normalization_23 (BatchNor (None, 3, 2, 512)     2048        conv5_2_b[0][0]
____________________________________________________________________________________________________
activation_23 (Activation)       (None, 3, 2, 512)     0           batch_normalization_23[0][0]
____________________________________________________________________________________________________
add_11 (Add)                     (None, 3, 2, 512)     0           activation_23[0][0]
                                                                   add_10[0][0]
____________________________________________________________________________________________________
conv5_3_a (Conv2D)               (None, 3, 2, 512)     2359808     add_11[0][0]
____________________________________________________________________________________________________
batch_normalization_24 (BatchNor (None, 3, 2, 512)     2048        conv5_3_a[0][0]
____________________________________________________________________________________________________
activation_24 (Activation)       (None, 3, 2, 512)     0           batch_normalization_24[0][0]
____________________________________________________________________________________________________
conv5_3_b (Conv2D)               (None, 3, 2, 512)     2359808     activation_24[0][0]
____________________________________________________________________________________________________
batch_normalization_25 (BatchNor (None, 3, 2, 512)     2048        conv5_3_b[0][0]
____________________________________________________________________________________________________
activation_25 (Activation)       (None, 3, 2, 512)     0           batch_normalization_25[0][0]
____________________________________________________________________________________________________
add_12 (Add)                     (None, 3, 2, 512)     0           activation_25[0][0]
                                                                   add_11[0][0]
____________________________________________________________________________________________________
average_pooling2d_1 (AveragePool (None, 1, 1, 512)     0           add_12[0][0]
____________________________________________________________________________________________________
flatten_1 (Flatten)              (None, 512)           0           average_pooling2d_1[0][0]
____________________________________________________________________________________________________
output_class (Dense)             (None, 79)            40527       flatten_1[0][0]
====================================================================================================
Total params: 17,504,335
Trainable params: 17,492,687
Non-trainable params: 11,648
____________________________________________________________________________________________________
Model res_net_1 loaded.
2017-08-08 01:16:30.833195: W c:\tf_jenkins\home\workspace\release-win\m\windows-gpu\py\36\tensorflow\core\platform\cpu_feature_guard.cc:45] The TensorFlow library wasn't compiled to use SSE instructions, but these are availab
le on your machine and could speed up CPU computations.
2017-08-08 01:16:30.833334: W c:\tf_jenkins\home\workspace\release-win\m\windows-gpu\py\36\tensorflow\core\platform\cpu_feature_guard.cc:45] The TensorFlow library wasn't compiled to use SSE2 instructions, but these are availa
ble on your machine and could speed up CPU computations.
2017-08-08 01:16:30.833725: W c:\tf_jenkins\home\workspace\release-win\m\windows-gpu\py\36\tensorflow\core\platform\cpu_feature_guard.cc:45] The TensorFlow library wasn't compiled to use SSE3 instructions, but these are availa
ble on your machine and could speed up CPU computations.
2017-08-08 01:16:30.834127: W c:\tf_jenkins\home\workspace\release-win\m\windows-gpu\py\36\tensorflow\core\platform\cpu_feature_guard.cc:45] The TensorFlow library wasn't compiled to use SSE4.1 instructions, but these are avai
lable on your machine and could speed up CPU computations.
2017-08-08 01:16:30.834416: W c:\tf_jenkins\home\workspace\release-win\m\windows-gpu\py\36\tensorflow\core\platform\cpu_feature_guard.cc:45] The TensorFlow library wasn't compiled to use SSE4.2 instructions, but these are avai
lable on your machine and could speed up CPU computations.
2017-08-08 01:16:30.834798: W c:\tf_jenkins\home\workspace\release-win\m\windows-gpu\py\36\tensorflow\core\platform\cpu_feature_guard.cc:45] The TensorFlow library wasn't compiled to use AVX instructions, but these are availab
le on your machine and could speed up CPU computations.
2017-08-08 01:16:30.835122: W c:\tf_jenkins\home\workspace\release-win\m\windows-gpu\py\36\tensorflow\core\platform\cpu_feature_guard.cc:45] The TensorFlow library wasn't compiled to use AVX2 instructions, but these are availa
ble on your machine and could speed up CPU computations.
2017-08-08 01:16:30.835627: W c:\tf_jenkins\home\workspace\release-win\m\windows-gpu\py\36\tensorflow\core\platform\cpu_feature_guard.cc:45] The TensorFlow library wasn't compiled to use FMA instructions, but these are availab
le on your machine and could speed up CPU computations.
2017-08-08 01:16:31.148019: I c:\tf_jenkins\home\workspace\release-win\m\windows-gpu\py\36\tensorflow\core\common_runtime\gpu\gpu_device.cc:940] Found device 0 with properties:
name: GeForce GTX 1080 Ti
major: 6 minor: 1 memoryClockRate (GHz) 1.582
pciBusID 0000:01:00.0
Total memory: 11.00GiB
Free memory: 9.12GiB
2017-08-08 01:16:31.148152: I c:\tf_jenkins\home\workspace\release-win\m\windows-gpu\py\36\tensorflow\core\common_runtime\gpu\gpu_device.cc:961] DMA: 0
2017-08-08 01:16:31.149641: I c:\tf_jenkins\home\workspace\release-win\m\windows-gpu\py\36\tensorflow\core\common_runtime\gpu\gpu_device.cc:971] 0:   Y
2017-08-08 01:16:31.149980: I c:\tf_jenkins\home\workspace\release-win\m\windows-gpu\py\36\tensorflow\core\common_runtime\gpu\gpu_device.cc:1030] Creating TensorFlow device (/gpu:0) -> (device: 0, name: GeForce GTX 1080 Ti, pc
i bus id: 0000:01:00.0)
Training for 200 epochs with initial learning rate of 0.01, weight-decay of 0.0001 and Nesterov Momentum of 0.9 ...
Additional parameters: Initialization: glorot_uniform, Minibatch-size: 32, Early stopping after 20 epochs without improvement
Data-Shape: (96, 48, 3), Reducing learning rate by factor to 0.5 respectively if not improved validation accuracy after 8 epochs
Data-augmentation: Zooming 20.0% randomly, rotating 10° randomly
Optimizer: Adadelta, with parameters {'lr': 1.0, 'rho': 0.95, 'decay': 0.0, 'epsilon': 1e-08}
Performing object localization: False
Training on dataset...
Epoch 1/200
   3/2279 [..............................] - ETA: 5063s - loss: 6.8438 - acc: 0.17712017-08-08 01:16:49.959353: I c:\tf_jenkins\home\workspace\release-win\m\windows-gpu\py\36\tensorflow\core\common_runtime\gpu\pool_allocator.c
c:247] PoolAllocator: After 2427 get requests, put_count=2245 evicted_count=1000 eviction_rate=0.445434 and unsatisfied allocation rate=0.528224
  50/2279 [..............................] - ETA: 447s - loss: 4.0984 - acc: 0.39622017-08-08 01:16:53.341420: I c:\tf_jenkins\home\workspace\release-win\m\windows-gpu\py\36\tensorflow\core\common_runtime\gpu\pool_allocator.cc
:247] PoolAllocator: After 4279 get requests, put_count=4339 evicted_count=1000 eviction_rate=0.230468 and unsatisfied allocation rate=0.225053
2279/2279 [==============================] - 177s - loss: 1.2403 - acc: 0.8221 - val_loss: 1.0734 - val_acc: 0.8394 -inf to 0.83938, saving model to 2017-08-08_res_net_1.h5_ from 256 to 281
Epoch 2/200
2279/2279 [==============================] - 169s - loss: 0.7407 - acc: 0.9136 - val_loss: 0.6764 - val_acc: 0.9161 0.83938 to 0.91611, saving model to 2017-08-08_res_net_1.h5
Epoch 3/200
2279/2279 [==============================] - 168s - loss: 0.5875 - acc: 0.9314 - val_loss: 0.6452 - val_acc: 0.9062ve
Epoch 4/200
2279/2279 [==============================] - 169s - loss: 0.5030 - acc: 0.9386 - val_loss: 0.4488 - val_acc: 0.9476 0.91611 to 0.94764, saving model to 2017-08-08_res_net_1.h5
Epoch 5/200
2279/2279 [==============================] - 170s - loss: 0.4474 - acc: 0.9437 - val_loss: 0.4087 - val_acc: 0.9546 0.94764 to 0.95458, saving model to 2017-08-08_res_net_1.h5
Epoch 6/200
2279/2279 [==============================] - 169s - loss: 0.4117 - acc: 0.9473 - val_loss: 0.4607 - val_acc: 0.9326ve
Epoch 7/200
2279/2279 [==============================] - 168s - loss: 0.3865 - acc: 0.9506 - val_loss: 0.3825 - val_acc: 0.9522ve
Epoch 8/200
2279/2279 [==============================] - 168s - loss: 0.3659 - acc: 0.9516 - val_loss: 0.3840 - val_acc: 0.9498ve
Epoch 9/200
2279/2279 [==============================] - 168s - loss: 0.3543 - acc: 0.9530 - val_loss: 0.3775 - val_acc: 0.9447ve
Epoch 10/200
2279/2279 [==============================] - 168s - loss: 0.3410 - acc: 0.9543 - val_loss: 0.4099 - val_acc: 0.9342ve
Epoch 11/200
2279/2279 [==============================] - 169s - loss: 0.3281 - acc: 0.9576 - val_loss: 0.3237 - val_acc: 0.9638 0.95458 to 0.96384, saving model to 2017-08-08_res_net_1.h5
Epoch 12/200
2279/2279 [==============================] - 168s - loss: 0.3215 - acc: 0.9580 - val_loss: 0.3208 - val_acc: 0.9634ve
Epoch 13/200
2279/2279 [==============================] - 168s - loss: 0.3149 - acc: 0.9589 - val_loss: 0.3536 - val_acc: 0.9464ve
Epoch 14/200
2279/2279 [==============================] - 168s - loss: 0.3084 - acc: 0.9606 - val_loss: 0.3197 - val_acc: 0.9592ve
Epoch 15/200
2279/2279 [==============================] - 168s - loss: 0.3027 - acc: 0.9606 - val_loss: 0.3445 - val_acc: 0.9528ve
Epoch 16/200
2279/2279 [==============================] - 168s - loss: 0.2993 - acc: 0.9620 - val_loss: 0.3377 - val_acc: 0.9508ve
Epoch 17/200
2279/2279 [==============================] - 168s - loss: 0.2958 - acc: 0.9628 - val_loss: 0.4504 - val_acc: 0.9299ve
Epoch 18/200
2279/2279 [==============================] - 168s - loss: 0.2925 - acc: 0.9635 - val_loss: 0.3009 - val_acc: 0.9636ve
Epoch 19/200
2279/2279 [==============================] - 168s - loss: 0.2894 - acc: 0.9632 - val_loss: 0.3093 - val_acc: 0.9605ve
Epoch 20/200
2278/2279 [============================>.] - ETA: 0s - loss: 0.2860 - acc: 0.9654Epoch 00019: val_acc did not improve

2279/2279 [==============================] - 169s - loss: 0.2860 - acc: 0.9654 - val_loss: 0.3026 - val_acc: 0.9615
Epoch 21/200
2279/2279 [==============================] - 168s - loss: 0.2345 - acc: 0.9781 - val_loss: 0.2546 - val_acc: 0.9750 0.96384 to 0.97498, saving model to 2017-08-08_res_net_1.h5
Epoch 22/200
2279/2279 [==============================] - 168s - loss: 0.2147 - acc: 0.9794 - val_loss: 0.2343 - val_acc: 0.9759 0.97498 to 0.97586, saving model to 2017-08-08_res_net_1.h5
Epoch 23/200
2279/2279 [==============================] - 168s - loss: 0.2040 - acc: 0.9801 - val_loss: 0.2259 - val_acc: 0.9753ve
Epoch 24/200
2279/2279 [==============================] - 168s - loss: 0.1961 - acc: 0.9813 - val_loss: 0.2361 - val_acc: 0.9701ve
Epoch 25/200
2279/2279 [==============================] - 168s - loss: 0.1931 - acc: 0.9807 - val_loss: 0.2355 - val_acc: 0.9698ve
Epoch 26/200
2279/2279 [==============================] - 168s - loss: 0.1899 - acc: 0.9806 - val_loss: 0.2365 - val_acc: 0.9713ve
Epoch 27/200
2279/2279 [==============================] - 168s - loss: 0.1861 - acc: 0.9815 - val_loss: 0.2442 - val_acc: 0.9694ve
Epoch 28/200
2279/2279 [==============================] - 168s - loss: 0.1857 - acc: 0.9816 - val_loss: 0.2251 - val_acc: 0.9755ve
Epoch 29/200
2279/2279 [==============================] - 168s - loss: 0.1848 - acc: 0.9812 - val_loss: 0.2270 - val_acc: 0.9722ve
Epoch 30/200
2279/2279 [==============================] - 168s - loss: 0.1835 - acc: 0.9811 - val_loss: 0.2303 - val_acc: 0.9705ve
Epoch 31/200
2278/2279 [============================>.] - ETA: 0s - loss: 0.1847 - acc: 0.9808Epoch 00030: val_acc did not improve

2279/2279 [==============================] - 168s - loss: 0.1846 - acc: 0.9808 - val_loss: 0.2392 - val_acc: 0.9701
Epoch 32/200
2279/2279 [==============================] - 168s - loss: 0.1609 - acc: 0.9879 - val_loss: 0.1984 - val_acc: 0.9805 0.97586 to 0.98049, saving model to 2017-08-08_res_net_1.h5
Epoch 33/200
2279/2279 [==============================] - 168s - loss: 0.1506 - acc: 0.9890 - val_loss: 0.2014 - val_acc: 0.9799ve
Epoch 34/200
2279/2279 [==============================] - 168s - loss: 0.1465 - acc: 0.9894 - val_loss: 0.2030 - val_acc: 0.9773ve
Epoch 35/200
2279/2279 [==============================] - 168s - loss: 0.1415 - acc: 0.9905 - val_loss: 0.2075 - val_acc: 0.9768ve
Epoch 36/200
2279/2279 [==============================] - 168s - loss: 0.1388 - acc: 0.9903 - val_loss: 0.1922 - val_acc: 0.9780ve
Epoch 37/200
2279/2279 [==============================] - 168s - loss: 0.1354 - acc: 0.9905 - val_loss: 0.1955 - val_acc: 0.9772ve
Epoch 38/200
2279/2279 [==============================] - 168s - loss: 0.1331 - acc: 0.9905 - val_loss: 0.1984 - val_acc: 0.9761ve
Epoch 39/200
2279/2279 [==============================] - 168s - loss: 0.1319 - acc: 0.9906 - val_loss: 0.2140 - val_acc: 0.9756ve
Epoch 40/200
2279/2279 [==============================] - 168s - loss: 0.1319 - acc: 0.9902 - val_loss: 0.2007 - val_acc: 0.9753ve
Epoch 41/200
2278/2279 [============================>.] - ETA: 0s - loss: 0.1301 - acc: 0.9902Epoch 00040: val_acc did not improve

2279/2279 [==============================] - 168s - loss: 0.1301 - acc: 0.9903 - val_loss: 0.1947 - val_acc: 0.9751
Epoch 42/200
2279/2279 [==============================] - 168s - loss: 0.1180 - acc: 0.9935 - val_loss: 0.1928 - val_acc: 0.9778ve
Epoch 43/200
2279/2279 [==============================] - 168s - loss: 0.1149 - acc: 0.9942 - val_loss: 0.1920 - val_acc: 0.9784ve
Epoch 44/200
2279/2279 [==============================] - 168s - loss: 0.1115 - acc: 0.9949 - val_loss: 0.1853 - val_acc: 0.9798ve
Epoch 45/200
2279/2279 [==============================] - 168s - loss: 0.1101 - acc: 0.9948 - val_loss: 0.1897 - val_acc: 0.9777ve
Epoch 46/200
2279/2279 [==============================] - 168s - loss: 0.1076 - acc: 0.9950 - val_loss: 0.1869 - val_acc: 0.9767ve
Epoch 47/200
2279/2279 [==============================] - 168s - loss: 0.1061 - acc: 0.9950 - val_loss: 0.1765 - val_acc: 0.9789ve
Epoch 48/200
2279/2279 [==============================] - 168s - loss: 0.1046 - acc: 0.9953 - val_loss: 0.1820 - val_acc: 0.9799ve
Epoch 49/200
2278/2279 [============================>.] - ETA: 0s - loss: 0.1034 - acc: 0.9950Epoch 00048: val_acc did not improve

2279/2279 [==============================] - 168s - loss: 0.1034 - acc: 0.9950 - val_loss: 0.1909 - val_acc: 0.9771
Epoch 50/200
2279/2279 [==============================] - 168s - loss: 0.0984 - acc: 0.9962 - val_loss: 0.1838 - val_acc: 0.9802ve
Epoch 51/200
2279/2279 [==============================] - 168s - loss: 0.0958 - acc: 0.9968 - val_loss: 0.1941 - val_acc: 0.9781ve
Epoch 52/200
2279/2279 [==============================] - 168s - loss: 0.0952 - acc: 0.9968 - val_loss: 0.1857 - val_acc: 0.9800ve
Epoch 53/200
2279/2279 [==============================] - 168s - loss: 0.0933 - acc: 0.9970 - val_loss: 0.1990 - val_acc: 0.9788ve
Epoch 00052: early stopping
Loading best model from check-point and testing...
C:\Programming\Anaconda3\lib\site-packages\sklearn\metrics\classification.py:1113: UndefinedMetricWarning: Precision and F-score are ill-defined and being set to 0.0 in labels with no predicted samples.
  'precision', 'predicted', average, warn_for)
                          precision    recall  f1-score   support

               12-8-Time       1.00      1.00      1.00        40
                2-2-Time       1.00      0.97      0.99        39
                2-4-Time       0.98      0.98      0.98        44
                2-8-Time       1.00      1.00      1.00         1
                3-4-Time       0.96      0.98      0.97        48
                3-8-Time       0.98      1.00      0.99        42
                4-4-Time       1.00      1.00      1.00        42
                5-4-Time       1.00      1.00      1.00         1
                5-8-Time       1.00      1.00      1.00         1
                6-8-Time       1.00      0.98      0.99        42
                9-8-Time       1.00      0.95      0.97        40
                  Accent       0.94      0.97      0.95        62
                Arpeggio       1.00      0.50      0.67         2
                 Barline       0.98      0.99      0.99       679
                    Beam       0.97      0.96      0.97       816
                   Brace       0.97      0.89      0.93        35
             Breath-Mark       0.00      0.00      0.00         1
                   Breve       1.00      1.00      1.00         2
                  C-Clef       1.00      1.00      1.00       168
                   Chord       0.92      1.00      0.96        11
             Common-Time       0.96      1.00      0.98        68
                Cut-Time       0.98      0.98      0.98        63
                     Dot       0.99      0.99      0.99       477
            Double-Sharp       1.00      0.98      0.99        93
       Double-Whole-Rest       1.00      0.93      0.97        15
       Eighth-Grace-Note       1.00      1.00      1.00         1
             Eighth-Note       0.98      0.97      0.98       313
             Eighth-Rest       0.97      0.98      0.98       225
                  F-Clef       0.99      1.00      1.00       157
                 Fermata       1.00      0.92      0.96        13
                    Flat       0.99      0.99      0.99       311
                  G-Clef       1.00      1.00      1.00       247
               Glissando       1.00      0.83      0.91        12
       Hairpin-Crescendo       1.00      1.00      1.00        22
     Hairpin-Decrescendo       0.96      0.92      0.94        26
               Half-Note       0.98      0.98      0.98       148
      Horizontal-Spanner       0.50      1.00      0.67         1
                 Marcato       0.88      1.00      0.93         7
                 Mordent       0.89      1.00      0.94         8
   Multiple-Eighth-Notes       1.00      1.00      1.00         9
     Multiple-Half-Notes       1.00      1.00      1.00         3
  Multiple-Quarter-Notes       1.00      0.92      0.96        24
Multiple-Sixteenth-Notes       1.00      1.00      1.00         8
                 Natural       0.99      0.99      0.99       313
                   Other       0.94      0.94      0.94       664
            Quarter-Note       0.99      0.99      0.99      1794
            Quarter-Rest       0.97      0.98      0.98       177
          Repeat-Measure       1.00      1.00      1.00         1
                   Sharp       0.99      0.99      0.99       428
          Sixteenth-Note       0.92      0.98      0.95       124
          Sixteenth-Rest       0.97      0.97      0.97       117
         Sixty-Four-Note       0.96      0.85      0.90        88
         Sixty-Four-Rest       0.95      0.98      0.96        54
           Staccatissimo       0.85      1.00      0.92        11
                 Stopped       1.00      1.00      1.00         8
                  Tenuto       0.80      0.67      0.73        24
         Thirty-Two-Note       0.88      0.89      0.89        95
         Thirty-Two-Rest       0.95      0.95      0.95        63
                Tie-Slur       0.95      0.97      0.96       377
                   Trill       0.89      0.94      0.91        17
            Trill-Wobble       1.00      0.50      0.67         2
                  Tuplet       1.00      1.00      1.00         7
                    Turn       1.00      1.00      1.00         8
                   Volta       0.00      0.00      0.00         1
         Whole-Half-Rest       0.96      1.00      0.98        97
              Whole-Note       0.98      0.92      0.95       234

             avg / total       0.98      0.98      0.97      9071

Misclassified files:
        2-2-Time\45-44_3.png is incorrectly classified as Quarter-Rest
        2-4-Time\symbol200.png is incorrectly classified as 3-4-Time
        3-4-Time\39-30_3.png is incorrectly classified as 2-4-Time
        6-8-Time\symbol223.png is incorrectly classified as Chord
        9-8-Time\45-28_3.png is incorrectly classified as Other
        9-8-Time\symbol146.png is incorrectly classified as 3-8-Time
        Accent\MUSCIMA-pp_0.9___CVC-MUSCIMA_W-03_N-18_D-ideal___644.png is incorrectly classified as Eighth-Rest
        Accent\MUSCIMA-pp_0.9___CVC-MUSCIMA_W-20_N-16_D-ideal___366.png is incorrectly classified as Hairpin-Decrescendo
        Arpeggio\MUSCIMA-pp_0.9___CVC-MUSCIMA_W-21_N-08_D-ideal___593.png is incorrectly classified as Quarter-Rest
        Barline\32-152_3.png is incorrectly classified as Eighth-Note
        Barline\MUSCIMA-pp_0.9___CVC-MUSCIMA_W-06_N-16_D-ideal___72.png is incorrectly classified as Quarter-Rest
        Barline\MUSCIMA-pp_0.9___CVC-MUSCIMA_W-13_N-16_D-ideal___121.png is incorrectly classified as Beam
        Barline\MUSCIMA-pp_0.9___CVC-MUSCIMA_W-25_N-12_D-ideal___615.png is incorrectly classified as Beam
        Barline\MUSCIMA-pp_0.9___CVC-MUSCIMA_W-30_N-17_D-ideal___771.png is incorrectly classified as Brace
        Barline\MUSCIMA-pp_0.9___CVC-MUSCIMA_W-44_N-13_D-ideal___550.png is incorrectly classified as Eighth-Note
        Beam\MUSCIMA-pp_0.9___CVC-MUSCIMA_W-04_N-12_D-ideal___521.png is incorrectly classified as Tie-Slur
        Beam\MUSCIMA-pp_0.9___CVC-MUSCIMA_W-04_N-12_D-ideal___571.png is incorrectly classified as Tie-Slur
        Beam\MUSCIMA-pp_0.9___CVC-MUSCIMA_W-04_N-20_D-ideal___722.png is incorrectly classified as Tie-Slur
        Beam\MUSCIMA-pp_0.9___CVC-MUSCIMA_W-05_N-19_D-ideal___372.png is incorrectly classified as Tie-Slur
        Beam\MUSCIMA-pp_0.9___CVC-MUSCIMA_W-06_N-02_D-ideal___512.png is incorrectly classified as Dot
        Beam\MUSCIMA-pp_0.9___CVC-MUSCIMA_W-08_N-10_D-ideal___400.png is incorrectly classified as Tenuto
        Beam\MUSCIMA-pp_0.9___CVC-MUSCIMA_W-14_N-05_D-ideal___429.png is incorrectly classified as Tie-Slur
        Beam\MUSCIMA-pp_0.9___CVC-MUSCIMA_W-21_N-05_D-ideal___418.png is incorrectly classified as Tie-Slur
        Beam\MUSCIMA-pp_0.9___CVC-MUSCIMA_W-21_N-05_D-ideal___444.png is incorrectly classified as Dot
        Beam\MUSCIMA-pp_0.9___CVC-MUSCIMA_W-22_N-10_D-ideal___453.png is incorrectly classified as Tie-Slur
        Beam\MUSCIMA-pp_0.9___CVC-MUSCIMA_W-22_N-14_D-ideal___263.png is incorrectly classified as Tie-Slur
        Beam\MUSCIMA-pp_0.9___CVC-MUSCIMA_W-22_N-15_D-ideal___282.png is incorrectly classified as Tie-Slur
        Beam\MUSCIMA-pp_0.9___CVC-MUSCIMA_W-22_N-15_D-ideal___323.png is incorrectly classified as Tie-Slur
        Beam\MUSCIMA-pp_0.9___CVC-MUSCIMA_W-25_N-09_D-ideal___290.png is incorrectly classified as Tie-Slur
        Beam\MUSCIMA-pp_0.9___CVC-MUSCIMA_W-29_N-10_D-ideal___606.png is incorrectly classified as Tie-Slur
        Beam\MUSCIMA-pp_0.9___CVC-MUSCIMA_W-29_N-14_D-ideal___430.png is incorrectly classified as Barline
        Beam\MUSCIMA-pp_0.9___CVC-MUSCIMA_W-30_N-17_D-ideal___415.png is incorrectly classified as Tie-Slur
        Beam\MUSCIMA-pp_0.9___CVC-MUSCIMA_W-30_N-17_D-ideal___423.png is incorrectly classified as Tenuto
        Beam\MUSCIMA-pp_0.9___CVC-MUSCIMA_W-30_N-17_D-ideal___440.png is incorrectly classified as Tie-Slur
        Beam\MUSCIMA-pp_0.9___CVC-MUSCIMA_W-35_N-05_D-ideal___280.png is incorrectly classified as Tenuto
        Beam\MUSCIMA-pp_0.9___CVC-MUSCIMA_W-37_N-17_D-ideal___409.png is incorrectly classified as Tenuto
        Beam\MUSCIMA-pp_0.9___CVC-MUSCIMA_W-42_N-08_D-ideal___424.png is incorrectly classified as Dot
        Beam\MUSCIMA-pp_0.9___CVC-MUSCIMA_W-44_N-17_D-ideal___387.png is incorrectly classified as Tie-Slur
        Beam\MUSCIMA-pp_0.9___CVC-MUSCIMA_W-46_N-07_D-ideal___479.png is incorrectly classified as Tie-Slur
        Beam\MUSCIMA-pp_0.9___CVC-MUSCIMA_W-46_N-20_D-ideal___510.png is incorrectly classified as Tie-Slur
        Beam\MUSCIMA-pp_0.9___CVC-MUSCIMA_W-49_N-09_D-ideal___280.png is incorrectly classified as Tie-Slur
        Beam\MUSCIMA-pp_0.9___CVC-MUSCIMA_W-49_N-11_D-ideal___480.png is incorrectly classified as Whole-Half-Rest
        Beam\symbol2844.png is incorrectly classified as Barline
        Beam\symbol559.png is incorrectly classified as Whole-Half-Rest
        Beam\symbol927.png is incorrectly classified as Other
        Brace\MUSCIMA-pp_0.9___CVC-MUSCIMA_W-21_N-05_D-ideal___581.png is incorrectly classified as Quarter-Note
        Brace\MUSCIMA-pp_0.9___CVC-MUSCIMA_W-27_N-03_D-ideal___401.png is incorrectly classified as Barline
        Brace\MUSCIMA-pp_0.9___CVC-MUSCIMA_W-42_N-05_D-ideal___577.png is incorrectly classified as Quarter-Note
        Brace\MUSCIMA-pp_0.9___CVC-MUSCIMA_W-44_N-17_D-ideal___717.png is incorrectly classified as Barline
        Breath-Mark\MUSCIMA-pp_0.9___CVC-MUSCIMA_W-31_N-01_D-ideal___540.png is incorrectly classified as Other
        Cut-Time\symbol360.png is incorrectly classified as Common-Time
        Dot\42-146_3.png is incorrectly classified as Whole-Half-Rest
        Dot\60-148_3.png is incorrectly classified as Staccatissimo
        Dot\63-145_3.png is incorrectly classified as Other
        Dot\MUSCIMA-pp_0.9___CVC-MUSCIMA_W-36_N-15_D-ideal___133.png is incorrectly classified as Other
        Dot\symbol200.png is incorrectly classified as Staccatissimo
        Double-Sharp\32-61_3.png is incorrectly classified as Other
        Double-Sharp\92-61_3.png is incorrectly classified as Sixteenth-Note
        Double-Whole-Rest\MUSCIMA-pp_0.9___CVC-MUSCIMA_W-48_N-02_D-ideal___621.png is incorrectly classified as Barline
        Eighth-Note\61-99_3.png is incorrectly classified as Sixteenth-Note
        Eighth-Note\67-101_3.png is incorrectly classified as Common-Time
        Eighth-Note\8-64_3.png is incorrectly classified as Sixteenth-Note
        Eighth-Note\85-101_3.png is incorrectly classified as Sixteenth-Note
        Eighth-Note\MUSCIMA-pp_0.9___CVC-MUSCIMA_W-15_N-10_D-ideal___135.png is incorrectly classified as Sixteenth-Rest
        Eighth-Note\MUSCIMA-pp_0.9___CVC-MUSCIMA_W-15_N-10_D-ideal___136.png is incorrectly classified as Quarter-Note
        Eighth-Note\MUSCIMA-pp_0.9___CVC-MUSCIMA_W-15_N-10_D-ideal___143.png is incorrectly classified as Quarter-Note
        Eighth-Note\MUSCIMA-pp_0.9___CVC-MUSCIMA_W-26_N-04_D-ideal___152.png is incorrectly classified as Quarter-Note
        Eighth-Note\symbol2592.png is incorrectly classified as Sixteenth-Note
        Eighth-Rest\MUSCIMA-pp_0.9___CVC-MUSCIMA_W-47_N-04_D-ideal___545.png is incorrectly classified as Accent
        Eighth-Rest\MUSCIMA-pp_0.9___CVC-MUSCIMA_W-47_N-04_D-ideal___550.png is incorrectly classified as Accent
        Eighth-Rest\symbol66.png is incorrectly classified as Natural
        Eighth-Rest\symbol8030.png is incorrectly classified as Sixteenth-Rest
        Fermata\MUSCIMA-pp_0.9___CVC-MUSCIMA_W-49_N-11_D-ideal___670.png is incorrectly classified as Other
        Flat\94-54_3.png is incorrectly classified as Natural
        Flat\MUSCIMA-pp_0.9___CVC-MUSCIMA_W-31_N-01_D-ideal___46.png is incorrectly classified as Natural
        Flat\MUSCIMA-pp_0.9___CVC-MUSCIMA_W-44_N-06_D-ideal___461.png is incorrectly classified as Natural
        Flat\xotazu_BN_73.png is incorrectly classified as Barline
        G-Clef\3-78_3.png is incorrectly classified as Sharp
        Glissando\MUSCIMA-pp_0.9___CVC-MUSCIMA_W-26_N-19_D-ideal___458.png is incorrectly classified as Beam
        Glissando\MUSCIMA-pp_0.9___CVC-MUSCIMA_W-33_N-19_D-ideal___450.png is incorrectly classified as Beam
        Hairpin-Decrescendo\MUSCIMA-pp_0.9___CVC-MUSCIMA_W-29_N-10_D-ideal___840.png is incorrectly classified as Accent
        Hairpin-Decrescendo\MUSCIMA-pp_0.9___CVC-MUSCIMA_W-44_N-06_D-ideal___525.png is incorrectly classified as Accent
        Half-Note\33-78_3.png is incorrectly classified as Quarter-Note
        Half-Note\33-79_3.png is incorrectly classified as Quarter-Note
        Half-Note\symbol156.png is incorrectly classified as Quarter-Note
        Multiple-Quarter-Notes\symbol4681.png is incorrectly classified as Quarter-Note
        Multiple-Quarter-Notes\symbol5192.png is incorrectly classified as Quarter-Note
        Natural\45-68_3.png is incorrectly classified as Quarter-Rest
        Natural\symbol1146.png is incorrectly classified as Other
        Other\MUSCIMA-pp_0.9___CVC-MUSCIMA_W-01_N-14_D-ideal___516.png is incorrectly classified as Whole-Half-Rest
        Other\MUSCIMA-pp_0.9___CVC-MUSCIMA_W-01_N-14_D-ideal___525.png is incorrectly classified as Sharp
        Other\MUSCIMA-pp_0.9___CVC-MUSCIMA_W-08_N-14_D-ideal___497.png is incorrectly classified as Quarter-Note
        Other\MUSCIMA-pp_0.9___CVC-MUSCIMA_W-10_N-01_D-ideal___595.png is incorrectly classified as Eighth-Rest
        Other\MUSCIMA-pp_0.9___CVC-MUSCIMA_W-10_N-07_D-ideal___525.png is incorrectly classified as Sharp
        Other\MUSCIMA-pp_0.9___CVC-MUSCIMA_W-12_N-04_D-ideal___419.png is incorrectly classified as Barline
        Other\MUSCIMA-pp_0.9___CVC-MUSCIMA_W-15_N-14_D-ideal___299.png is incorrectly classified as Flat
        Other\MUSCIMA-pp_0.9___CVC-MUSCIMA_W-16_N-06_D-ideal___666.png is incorrectly classified as Half-Note
        Other\MUSCIMA-pp_0.9___CVC-MUSCIMA_W-17_N-01_D-ideal___731.png is incorrectly classified as Eighth-Rest
        Other\MUSCIMA-pp_0.9___CVC-MUSCIMA_W-17_N-18_D-ideal___80.png is incorrectly classified as Barline
        Other\MUSCIMA-pp_0.9___CVC-MUSCIMA_W-20_N-03_D-ideal___425.png is incorrectly classified as Eighth-Rest
        Other\MUSCIMA-pp_0.9___CVC-MUSCIMA_W-22_N-14_D-ideal___463.png is incorrectly classified as Cut-Time
        Other\MUSCIMA-pp_0.9___CVC-MUSCIMA_W-22_N-14_D-ideal___477.png is incorrectly classified as Whole-Note
        Other\MUSCIMA-pp_0.9___CVC-MUSCIMA_W-22_N-14_D-ideal___527.png is incorrectly classified as Whole-Note
        Other\MUSCIMA-pp_0.9___CVC-MUSCIMA_W-24_N-07_D-ideal___323.png is incorrectly classified as Beam
        Other\MUSCIMA-pp_0.9___CVC-MUSCIMA_W-26_N-04_D-ideal___573.png is incorrectly classified as Tie-Slur
        Other\MUSCIMA-pp_0.9___CVC-MUSCIMA_W-27_N-03_D-ideal___444.png is incorrectly classified as Eighth-Rest
        Other\MUSCIMA-pp_0.9___CVC-MUSCIMA_W-28_N-05_D-ideal___736.png is incorrectly classified as Quarter-Rest
        Other\MUSCIMA-pp_0.9___CVC-MUSCIMA_W-28_N-05_D-ideal___777.png is incorrectly classified as Dot
        Other\MUSCIMA-pp_0.9___CVC-MUSCIMA_W-28_N-05_D-ideal___780.png is incorrectly classified as Dot
        Other\MUSCIMA-pp_0.9___CVC-MUSCIMA_W-30_N-06_D-ideal___533.png is incorrectly classified as Whole-Note
        Other\MUSCIMA-pp_0.9___CVC-MUSCIMA_W-31_N-01_D-ideal___272.png is incorrectly classified as Flat
        Other\MUSCIMA-pp_0.9___CVC-MUSCIMA_W-31_N-01_D-ideal___639.png is incorrectly classified as Dot
        Other\MUSCIMA-pp_0.9___CVC-MUSCIMA_W-32_N-20_D-ideal___181.png is incorrectly classified as Beam
        Other\MUSCIMA-pp_0.9___CVC-MUSCIMA_W-35_N-05_D-ideal___623.png is incorrectly classified as Quarter-Note
        Other\MUSCIMA-pp_0.9___CVC-MUSCIMA_W-38_N-01_D-ideal___679.png is incorrectly classified as Quarter-Note
        Other\MUSCIMA-pp_0.9___CVC-MUSCIMA_W-42_N-08_D-ideal___601.png is incorrectly classified as Eighth-Rest
        Other\MUSCIMA-pp_0.9___CVC-MUSCIMA_W-43_N-14_D-ideal___573.png is incorrectly classified as Tie-Slur
        Other\MUSCIMA-pp_0.9___CVC-MUSCIMA_W-43_N-15_D-ideal___103.png is incorrectly classified as Trill
        Other\MUSCIMA-pp_0.9___CVC-MUSCIMA_W-43_N-15_D-ideal___498.png is incorrectly classified as Dot
        Other\MUSCIMA-pp_0.9___CVC-MUSCIMA_W-44_N-13_D-ideal___500.png is incorrectly classified as Whole-Note
        Other\MUSCIMA-pp_0.9___CVC-MUSCIMA_W-44_N-13_D-ideal___533.png is incorrectly classified as Common-Time
        Other\MUSCIMA-pp_0.9___CVC-MUSCIMA_W-50_N-04_D-ideal___281.png is incorrectly classified as Barline
        Other\symbol102902.png is incorrectly classified as Quarter-Note
        Other\symbol103862.png is incorrectly classified as Quarter-Note
        Other\symbol104533.png is incorrectly classified as Barline
        Other\symbol105027.png is incorrectly classified as Barline
        Other\symbol110870.png is incorrectly classified as Marcato
        Other\symbol15226.png is incorrectly classified as Half-Note
        Other\symbol2181.png is incorrectly classified as 3-4-Time
        Other\symbol471.png is incorrectly classified as Beam
        Other\symbol7188.png is incorrectly classified as Mordent
        Other\symbol7199.png is incorrectly classified as Trill
        Quarter-Note\6.png is incorrectly classified as Eighth-Note
        Quarter-Note\76-91_3.png is incorrectly classified as Half-Note
        Quarter-Note\MUSCIMA-pp_0.9___CVC-MUSCIMA_W-02_N-13_D-ideal___103.png is incorrectly classified as Barline
        Quarter-Note\MUSCIMA-pp_0.9___CVC-MUSCIMA_W-05_N-19_D-ideal___340.png is incorrectly classified as Other
        Quarter-Note\MUSCIMA-pp_0.9___CVC-MUSCIMA_W-08_N-10_D-ideal___66.png is incorrectly classified as Other
        Quarter-Note\MUSCIMA-pp_0.9___CVC-MUSCIMA_W-12_N-19_D-ideal___134.png is incorrectly classified as Other
        Quarter-Note\MUSCIMA-pp_0.9___CVC-MUSCIMA_W-18_N-12_D-ideal___83.png is incorrectly classified as Other
        Quarter-Note\MUSCIMA-pp_0.9___CVC-MUSCIMA_W-30_N-06_D-ideal___316.png is incorrectly classified as Other
        Quarter-Note\MUSCIMA-pp_0.9___CVC-MUSCIMA_W-33_N-04_D-ideal___509.png is incorrectly classified as Barline
        Quarter-Note\MUSCIMA-pp_0.9___CVC-MUSCIMA_W-39_N-20_D-ideal___603.png is incorrectly classified as Other
        Quarter-Rest\1-101_3.png is incorrectly classified as Other
        Quarter-Rest\MUSCIMA-pp_0.9___CVC-MUSCIMA_W-26_N-04_D-ideal___578.png is incorrectly classified as Quarter-Note
        Quarter-Rest\MUSCIMA-pp_0.9___CVC-MUSCIMA_W-42_N-08_D-ideal___523.png is incorrectly classified as Other
        Sharp\MUSCIMA-pp_0.9___CVC-MUSCIMA_W-17_N-18_D-ideal___594.png is incorrectly classified as Other
        Sharp\MUSCIMA-pp_0.9___CVC-MUSCIMA_W-29_N-15_D-ideal___316.png is incorrectly classified as Other
        Sharp\MUSCIMA-pp_0.9___CVC-MUSCIMA_W-30_N-17_D-ideal___723.png is incorrectly classified as Other
        Sharp\MUSCIMA-pp_0.9___CVC-MUSCIMA_W-30_N-17_D-ideal___725.png is incorrectly classified as Flat
        Sharp\symbol1850.png is incorrectly classified as Other
        Sixteenth-Note\27-109_3.png is incorrectly classified as Eighth-Note
        Sixteenth-Note\58-110_3.png is incorrectly classified as Thirty-Two-Note
        Sixteenth-Note\MUSCIMA-pp_0.9___CVC-MUSCIMA_W-09_N-17_D-ideal___109.png is incorrectly classified as Eighth-Note
        Sixteenth-Rest\50-117_3.png is incorrectly classified as F-Clef
        Sixteenth-Rest\76-117_3.png is incorrectly classified as Thirty-Two-Rest
        Sixteenth-Rest\9-118_3.png is incorrectly classified as Eighth-Rest
        Sixteenth-Rest\91-117_3.png is incorrectly classified as Thirty-Two-Rest
        Sixty-Four-Note\32-135_3.png is incorrectly classified as Thirty-Two-Note
        Sixty-Four-Note\34-132_3.png is incorrectly classified as Eighth-Note
        Sixty-Four-Note\41-135_3.png is incorrectly classified as Thirty-Two-Note
        Sixty-Four-Note\5.png is incorrectly classified as Sixty-Four-Rest
        Sixty-Four-Note\56-135_3.png is incorrectly classified as Thirty-Two-Note
        Sixty-Four-Note\75-139_3.png is incorrectly classified as Thirty-Two-Note
        Sixty-Four-Note\78-136_3.png is incorrectly classified as Thirty-Two-Note
        Sixty-Four-Note\79-135_3.png is incorrectly classified as Thirty-Two-Note
        Sixty-Four-Note\86-133_3.png is incorrectly classified as Thirty-Two-Note
        Sixty-Four-Note\86-136_3.png is incorrectly classified as Thirty-Two-Note
        Sixty-Four-Note\98-135_3.png is incorrectly classified as Thirty-Two-Note
        Sixty-Four-Note\98-138_3.png is incorrectly classified as Thirty-Two-Note
        Sixty-Four-Note\symbols50.png is incorrectly classified as Thirty-Two-Note
        Sixty-Four-Rest\32-144_3.png is incorrectly classified as Thirty-Two-Rest
        Tenuto\MUSCIMA-pp_0.9___CVC-MUSCIMA_W-12_N-04_D-ideal___696.png is incorrectly classified as Beam
        Tenuto\MUSCIMA-pp_0.9___CVC-MUSCIMA_W-19_N-04_D-ideal___607.png is incorrectly classified as Beam
        Tenuto\MUSCIMA-pp_0.9___CVC-MUSCIMA_W-28_N-05_D-ideal___592.png is incorrectly classified as Beam
        Tenuto\MUSCIMA-pp_0.9___CVC-MUSCIMA_W-33_N-04_D-ideal___240.png is incorrectly classified as Beam
        Tenuto\MUSCIMA-pp_0.9___CVC-MUSCIMA_W-33_N-04_D-ideal___364.png is incorrectly classified as Beam
        Tenuto\MUSCIMA-pp_0.9___CVC-MUSCIMA_W-40_N-04_D-ideal___624.png is incorrectly classified as Beam
        Tenuto\MUSCIMA-pp_0.9___CVC-MUSCIMA_W-47_N-04_D-ideal___575.png is incorrectly classified as Beam
        Tenuto\MUSCIMA-pp_0.9___CVC-MUSCIMA_W-50_N-04_D-ideal___812.png is incorrectly classified as Beam
        Thirty-Two-Note\12-140_3.png is incorrectly classified as Sixty-Four-Rest
        Thirty-Two-Note\22-140_3.png is incorrectly classified as Sixteenth-Note
        Thirty-Two-Note\35-125_3.png is incorrectly classified as Sixteenth-Note
        Thirty-Two-Note\36-123_3.png is incorrectly classified as Sixteenth-Note
        Thirty-Two-Note\39-125_3.png is incorrectly classified as Sixty-Four-Note
        Thirty-Two-Note\39-126_3.png is incorrectly classified as Sixty-Four-Note
        Thirty-Two-Note\45-124_3.png is incorrectly classified as Sixteenth-Note
        Thirty-Two-Note\49-122_3.png is incorrectly classified as Sixty-Four-Note
        Thirty-Two-Note\62-121_3.png is incorrectly classified as Sixteenth-Note
        Thirty-Two-Note\79-123_3.png is incorrectly classified as Sixteenth-Note
        Thirty-Two-Rest\2-141_3.png is incorrectly classified as Sixteenth-Rest
        Thirty-Two-Rest\25-144_3.png is incorrectly classified as Sixteenth-Rest
        Thirty-Two-Rest\70-129_3.png is incorrectly classified as Sixty-Four-Rest
        Tie-Slur\MUSCIMA-pp_0.9___CVC-MUSCIMA_W-06_N-16_D-ideal___197.png is incorrectly classified as Beam
        Tie-Slur\MUSCIMA-pp_0.9___CVC-MUSCIMA_W-14_N-08_D-ideal___367.png is incorrectly classified as Other
        Tie-Slur\MUSCIMA-pp_0.9___CVC-MUSCIMA_W-17_N-18_D-ideal___431.png is incorrectly classified as Other
        Tie-Slur\MUSCIMA-pp_0.9___CVC-MUSCIMA_W-21_N-08_D-ideal___571.png is incorrectly classified as Beam
        Tie-Slur\MUSCIMA-pp_0.9___CVC-MUSCIMA_W-26_N-04_D-ideal___540.png is incorrectly classified as Beam
        Tie-Slur\MUSCIMA-pp_0.9___CVC-MUSCIMA_W-29_N-10_D-ideal___503.png is incorrectly classified as Other
        Tie-Slur\MUSCIMA-pp_0.9___CVC-MUSCIMA_W-31_N-01_D-ideal___557.png is incorrectly classified as Beam
        Tie-Slur\MUSCIMA-pp_0.9___CVC-MUSCIMA_W-49_N-09_D-ideal___340.png is incorrectly classified as Other
        Tie-Slur\MUSCIMA-pp_0.9___CVC-MUSCIMA_W-49_N-11_D-ideal___575.png is incorrectly classified as Beam
        Tie-Slur\MUSCIMA-pp_0.9___CVC-MUSCIMA_W-49_N-11_D-ideal___654.png is incorrectly classified as Beam
        Tie-Slur\MUSCIMA-pp_0.9___CVC-MUSCIMA_W-50_N-08_D-ideal___672.png is incorrectly classified as Beam
        Tie-Slur\symbol102856.png is incorrectly classified as Beam
        Tie-Slur\symbol113104.png is incorrectly classified as Beam
        Trill\MUSCIMA-pp_0.9___CVC-MUSCIMA_W-27_N-02_D-ideal___124.png is incorrectly classified as Flat
        Trill-Wobble\MUSCIMA-pp_0.9___CVC-MUSCIMA_W-16_N-06_D-ideal___823.png is incorrectly classified as Beam
        Volta\MUSCIMA-pp_0.9___CVC-MUSCIMA_W-25_N-12_D-ideal___608.png is incorrectly classified as Horizontal-Spanner
        Whole-Note\82-70_3.png is incorrectly classified as Other
        Whole-Note\MUSCIMA-pp_0.9___CVC-MUSCIMA_W-05_N-19_D-ideal___471.png is incorrectly classified as Other
        Whole-Note\MUSCIMA-pp_0.9___CVC-MUSCIMA_W-14_N-08_D-ideal___140.png is incorrectly classified as Other
        Whole-Note\MUSCIMA-pp_0.9___CVC-MUSCIMA_W-14_N-08_D-ideal___59.png is incorrectly classified as Other
        Whole-Note\MUSCIMA-pp_0.9___CVC-MUSCIMA_W-25_N-20_D-ideal___219.png is incorrectly classified as Other
        Whole-Note\MUSCIMA-pp_0.9___CVC-MUSCIMA_W-25_N-20_D-ideal___250.png is incorrectly classified as Other
        Whole-Note\MUSCIMA-pp_0.9___CVC-MUSCIMA_W-25_N-20_D-ideal___274.png is incorrectly classified as Other
        Whole-Note\MUSCIMA-pp_0.9___CVC-MUSCIMA_W-27_N-16_D-ideal___69.png is incorrectly classified as Other
        Whole-Note\MUSCIMA-pp_0.9___CVC-MUSCIMA_W-28_N-08_D-ideal___255.png is incorrectly classified as Other
        Whole-Note\MUSCIMA-pp_0.9___CVC-MUSCIMA_W-32_N-20_D-ideal___615.png is incorrectly classified as Other
        Whole-Note\MUSCIMA-pp_0.9___CVC-MUSCIMA_W-33_N-19_D-ideal___116.png is incorrectly classified as Other
        Whole-Note\MUSCIMA-pp_0.9___CVC-MUSCIMA_W-33_N-19_D-ideal___125.png is incorrectly classified as Other
        Whole-Note\MUSCIMA-pp_0.9___CVC-MUSCIMA_W-33_N-19_D-ideal___128.png is incorrectly classified as Other
        Whole-Note\MUSCIMA-pp_0.9___CVC-MUSCIMA_W-33_N-19_D-ideal___132.png is incorrectly classified as Other
        Whole-Note\MUSCIMA-pp_0.9___CVC-MUSCIMA_W-35_N-08_D-ideal___147.png is incorrectly classified as Other
        Whole-Note\MUSCIMA-pp_0.9___CVC-MUSCIMA_W-37_N-06_D-ideal___255.png is incorrectly classified as Other
        Whole-Note\MUSCIMA-pp_0.9___CVC-MUSCIMA_W-42_N-05_D-ideal___146.png is incorrectly classified as Other
        Whole-Note\MUSCIMA-pp_0.9___CVC-MUSCIMA_W-46_N-20_D-ideal___54.png is incorrectly classified as Other
loss: 0.21151
acc: 0.97509
Total Accuracy: 97.50854%
Total Error: 2.49146%
Execution time: 8979.5s
WARNING:googleapiclient.discovery_cache:file_cache is unavailable when using oauth2client >= 4.0.0
Traceback (most recent call last):
  File "C:\Programming\Anaconda3\lib\site-packages\googleapiclient\discovery_cache\__init__.py", line 36, in autodetect
    from google.appengine.api import memcache
ModuleNotFoundError: No module named 'google.appengine'

During handling of the above exception, another exception occurred:

Traceback (most recent call last):
  File "C:\Programming\Anaconda3\lib\site-packages\googleapiclient\discovery_cache\file_cache.py", line 33, in <module>
    from oauth2client.contrib.locked_file import LockedFile
ModuleNotFoundError: No module named 'oauth2client.contrib.locked_file'

During handling of the above exception, another exception occurred:

Traceback (most recent call last):
  File "C:\Programming\Anaconda3\lib\site-packages\googleapiclient\discovery_cache\file_cache.py", line 37, in <module>
    from oauth2client.locked_file import LockedFile
ModuleNotFoundError: No module named 'oauth2client.locked_file'

During handling of the above exception, another exception occurred:

Traceback (most recent call last):
  File "C:\Programming\Anaconda3\lib\site-packages\googleapiclient\discovery_cache\__init__.py", line 41, in autodetect
    from . import file_cache
  File "C:\Programming\Anaconda3\lib\site-packages\googleapiclient\discovery_cache\file_cache.py", line 41, in <module>
    'file_cache is unavailable when using oauth2client >= 4.0.0')
ImportError: file_cache is unavailable when using oauth2client >= 4.0.0
Uploading results to Google Spreadsheet and appending at first empty line 220
**********************
Windows PowerShell transcript end
End time: 20170808034609
**********************
