**********************
Windows PowerShell transcript start
Start time: 20170728192811
Username: DONKEY\Alex
RunAs User: DONKEY\Alex
Machine: DONKEY (Microsoft Windows NT 10.0.15063.0)
Host Application: C:\Windows\System32\WindowsPowerShell\v1.0\powershell.exe -Command if((Get-ExecutionPolicy ) -ne 'AllSigned') { Set-ExecutionPolicy -Scope Process Bypass }; & 'C:\Users\Alex\Repositories\MusicSymbolClassifier\ModelTrainer\TrainModel.ps1'
Process ID: 9164
PSVersion: 5.1.15063.483
PSEdition: Desktop
PSCompatibleVersions: 1.0, 2.0, 3.0, 4.0, 5.0, 5.1.15063.483
BuildVersion: 10.0.15063.483
CLRVersion: 4.0.30319.42000
WSManStackVersion: 3.0
PSRemotingProtocolVersion: 2.3
SerializationVersion: 1.1.0.1
**********************
Transcript started, output file is C:\Users\Alex\Repositories\MusicSymbolClassifier\ModelTrainer\2017-07-28_res_net_3_small_96x96_no_fixed_canvas_Adadelta_mb32_homus_rebelo1_rebelo2_printed_audiveris_muscima_pp_fornes.txt
Using TensorFlow backend.
Deleting dataset directory data
Extracting HOMUS Dataset...
Generating 15200 images with 15200 symbols in 1 different stroke thicknesses ([3]) and with staff-lines with 1 different offsets from the top ([])
In directory C:\Users\Alex\Repositories\MusicSymbolClassifier\ModelTrainer\data\images
15200/15200
Extracting Rebelo Symbol Dataset 1...
Deleting temporary directory C:\Users\Alex\Repositories\MusicSymbolClassifier\ModelTrainer\Rebelo-Music-Symbol-Dataset1
Extracting Rebelo Symbol Dataset 2...
Deleting temporary directory C:\Users\Alex\Repositories\MusicSymbolClassifier\ModelTrainer\Rebelo-Music-Symbol-Dataset2
Extracting Printed Music Symbol dataset...
Deleting temporary directory C:\Users\Alex\Repositories\MusicSymbolClassifier\ModelTrainer\PrintedMusicSymbolsDataset
Extracting Fornes Music Symbol dataset...
Deleting temporary directory C:\Users\Alex\Repositories\MusicSymbolClassifier\ModelTrainer\Fornes-Music-Symbols
Extracting Audiveris OMR Dataset...
Extracting Symbols from Audiveris OMR Dataset...
Extracting MUSCIMA++ Dataset...
Extracting Symbols from Muscima++ Dataset...
Loading crop-objects from xml-files 140/140
Loaded 91255 crop-objects
Filtering 135 broken symbols
Filtering 7977 symbols from 7 ignored classes
Generating images from crop-object masks 37076/37076
Processing compound objects ...
Generating images from crop-object masks 18382/18382
Resizing all images with the LANCZOS interpolation to 96x96px (width x height).
Resizing images 90551 of 90551Deleting split directories...
Splitting data into training, validation and test sets...
Copying 2 training files of 1-8-Time...
Copying 0 validation files of 1-8-Time...
Copying 0 test files of 1-8-Time...
Copying 323 training files of 12-8-Time...
Copying 40 validation files of 12-8-Time...
Copying 40 test files of 12-8-Time...
Copying 319 training files of 2-2-Time...
Copying 39 validation files of 2-2-Time...
Copying 39 test files of 2-2-Time...
Copying 353 training files of 2-4-Time...
Copying 44 validation files of 2-4-Time...
Copying 44 test files of 2-4-Time...
Copying 10 training files of 2-8-Time...
Copying 1 validation files of 2-8-Time...
Copying 1 test files of 2-8-Time...
Copying 387 training files of 3-4-Time...
Copying 48 validation files of 3-4-Time...
Copying 48 test files of 3-4-Time...
Copying 344 training files of 3-8-Time...
Copying 42 validation files of 3-8-Time...
Copying 42 test files of 3-8-Time...
Copying 6 training files of 4-2-Time...
Copying 0 validation files of 4-2-Time...
Copying 0 test files of 4-2-Time...
Copying 342 training files of 4-4-Time...
Copying 42 validation files of 4-4-Time...
Copying 42 test files of 4-4-Time...
Copying 1 training files of 4-8-Time...
Copying 0 validation files of 4-8-Time...
Copying 0 test files of 4-8-Time...
Copying 12 training files of 5-4-Time...
Copying 1 validation files of 5-4-Time...
Copying 1 test files of 5-4-Time...
Copying 11 training files of 5-8-Time...
Copying 1 validation files of 5-8-Time...
Copying 1 test files of 5-8-Time...
Copying 4 training files of 6-4-Time...
Copying 0 validation files of 6-4-Time...
Copying 0 test files of 6-4-Time...
Copying 337 training files of 6-8-Time...
Copying 42 validation files of 6-8-Time...
Copying 42 test files of 6-8-Time...
Copying 9 training files of 7-4-Time...
Copying 0 validation files of 7-4-Time...
Copying 0 test files of 7-4-Time...
Copying 6 training files of 8-8-Time...
Copying 0 validation files of 8-8-Time...
Copying 0 test files of 8-8-Time...
Copying 326 training files of 9-8-Time...
Copying 40 validation files of 9-8-Time...
Copying 40 test files of 9-8-Time...
Copying 497 training files of Accent...
Copying 62 validation files of Accent...
Copying 62 test files of Accent...
Copying 17 training files of Arpeggio...
Copying 2 validation files of Arpeggio...
Copying 2 test files of Arpeggio...
Copying 5438 training files of Barline...
Copying 679 validation files of Barline...
Copying 679 test files of Barline...
Copying 6350 training files of Beam...
Copying 793 validation files of Beam...
Copying 793 test files of Beam...
Copying 289 training files of Brace...
Copying 35 validation files of Brace...
Copying 35 test files of Brace...
Copying 11 training files of Breath-Mark...
Copying 1 validation files of Breath-Mark...
Copying 1 test files of Breath-Mark...
Copying 22 training files of Breve...
Copying 2 validation files of Breve...
Copying 2 test files of Breve...
Copying 1353 training files of C-Clef...
Copying 168 validation files of C-Clef...
Copying 168 test files of C-Clef...
Copying 96 training files of Chord...
Copying 11 validation files of Chord...
Copying 11 test files of Chord...
Copying 2 training files of Coda...
Copying 0 validation files of Coda...
Copying 0 test files of Coda...
Copying 2 training files of Coda-Square...
Copying 0 validation files of Coda-Square...
Copying 0 test files of Coda-Square...
Copying 550 training files of Common-Time...
Copying 68 validation files of Common-Time...
Copying 68 test files of Common-Time...
Copying 510 training files of Cut-Time...
Copying 63 validation files of Cut-Time...
Copying 63 test files of Cut-Time...
Copying 3816 training files of Dot...
Copying 477 validation files of Dot...
Copying 477 test files of Dot...
Copying 8 training files of Dotted-Horizontal-Spanner...
Copying 0 validation files of Dotted-Horizontal-Spanner...
Copying 0 test files of Dotted-Horizontal-Spanner...
Copying 1 training files of Double-Flat...
Copying 0 validation files of Double-Flat...
Copying 0 test files of Double-Flat...
Copying 751 training files of Double-Sharp...
Copying 93 validation files of Double-Sharp...
Copying 93 test files of Double-Sharp...
Copying 120 training files of Double-Whole-Rest...
Copying 15 validation files of Double-Whole-Rest...
Copying 15 test files of Double-Whole-Rest...
Copying 14 training files of Eighth-Grace-Note...
Copying 1 validation files of Eighth-Grace-Note...
Copying 1 test files of Eighth-Grace-Note...
Copying 2511 training files of Eighth-Note...
Copying 313 validation files of Eighth-Note...
Copying 313 test files of Eighth-Note...
Copying 1805 training files of Eighth-Rest...
Copying 225 validation files of Eighth-Rest...
Copying 225 test files of Eighth-Rest...
Copying 1241 training files of F-Clef...
Copying 154 validation files of F-Clef...
Copying 154 test files of F-Clef...
Copying 111 training files of Fermata...
Copying 13 validation files of Fermata...
Copying 13 test files of Fermata...
Copying 2465 training files of Flat...
Copying 308 validation files of Flat...
Copying 308 test files of Flat...
Copying 1952 training files of G-Clef...
Copying 244 validation files of G-Clef...
Copying 244 test files of G-Clef...
Copying 97 training files of Glissando...
Copying 12 validation files of Glissando...
Copying 12 test files of Glissando...
Copying 179 training files of Hairpin-Crescendo...
Copying 22 validation files of Hairpin-Crescendo...
Copying 22 test files of Hairpin-Crescendo...
Copying 213 training files of Hairpin-Decrescendo...
Copying 26 validation files of Hairpin-Decrescendo...
Copying 26 test files of Hairpin-Decrescendo...
Copying 1192 training files of Half-Note...
Copying 148 validation files of Half-Note...
Copying 148 test files of Half-Note...
Copying 10 training files of Horizontal-Spanner...
Copying 1 validation files of Horizontal-Spanner...
Copying 1 test files of Horizontal-Spanner...
Copying 64 training files of Marcato...
Copying 7 validation files of Marcato...
Copying 7 test files of Marcato...
Copying 70 training files of Mordent...
Copying 8 validation files of Mordent...
Copying 8 test files of Mordent...
Copying 78 training files of Multiple-Eighth-Notes...
Copying 9 validation files of Multiple-Eighth-Notes...
Copying 9 test files of Multiple-Eighth-Notes...
Copying 27 training files of Multiple-Half-Notes...
Copying 3 validation files of Multiple-Half-Notes...
Copying 3 test files of Multiple-Half-Notes...
Copying 195 training files of Multiple-Quarter-Notes...
Copying 24 validation files of Multiple-Quarter-Notes...
Copying 24 test files of Multiple-Quarter-Notes...
Copying 69 training files of Multiple-Sixteenth-Notes...
Copying 8 validation files of Multiple-Sixteenth-Notes...
Copying 8 test files of Multiple-Sixteenth-Notes...
Copying 2474 training files of Natural...
Copying 309 validation files of Natural...
Copying 309 test files of Natural...
Copying 3 training files of Onehundred-Twenty-Eight-Note...
Copying 0 validation files of Onehundred-Twenty-Eight-Note...
Copying 0 test files of Onehundred-Twenty-Eight-Note...
Copying 3 training files of Onehundred-Twenty-Eight-Rest...
Copying 0 validation files of Onehundred-Twenty-Eight-Rest...
Copying 0 test files of Onehundred-Twenty-Eight-Rest...
Copying 5313 training files of Other...
Copying 664 validation files of Other...
Copying 664 test files of Other...
Copying 14356 training files of Quarter-Note...
Copying 1794 validation files of Quarter-Note...
Copying 1794 test files of Quarter-Note...
Copying 1417 training files of Quarter-Rest...
Copying 177 validation files of Quarter-Rest...
Copying 177 test files of Quarter-Rest...
Copying 14 training files of Repeat-Measure...
Copying 1 validation files of Repeat-Measure...
Copying 1 test files of Repeat-Measure...
Copying 2 training files of Segno...
Copying 0 validation files of Segno...
Copying 0 test files of Segno...
Copying 3336 training files of Sharp...
Copying 416 validation files of Sharp...
Copying 416 test files of Sharp...
Copying 1001 training files of Sixteenth-Note...
Copying 124 validation files of Sixteenth-Note...
Copying 124 test files of Sixteenth-Note...
Copying 936 training files of Sixteenth-Rest...
Copying 117 validation files of Sixteenth-Rest...
Copying 117 test files of Sixteenth-Rest...
Copying 706 training files of Sixty-Four-Note...
Copying 88 validation files of Sixty-Four-Note...
Copying 88 test files of Sixty-Four-Note...
Copying 433 training files of Sixty-Four-Rest...
Copying 54 validation files of Sixty-Four-Rest...
Copying 54 test files of Sixty-Four-Rest...
Copying 97 training files of Staccatissimo...
Copying 11 validation files of Staccatissimo...
Copying 11 test files of Staccatissimo...
Copying 69 training files of Stopped...
Copying 8 validation files of Stopped...
Copying 8 test files of Stopped...
Copying 193 training files of Tenuto...
Copying 24 validation files of Tenuto...
Copying 24 test files of Tenuto...
Copying 762 training files of Thirty-Two-Note...
Copying 95 validation files of Thirty-Two-Note...
Copying 95 test files of Thirty-Two-Note...
Copying 508 training files of Thirty-Two-Rest...
Copying 63 validation files of Thirty-Two-Rest...
Copying 63 test files of Thirty-Two-Rest...
Copying 3018 training files of Tie-Slur...
Copying 377 validation files of Tie-Slur...
Copying 377 test files of Tie-Slur...
Copying 145 training files of Trill...
Copying 17 validation files of Trill...
Copying 17 test files of Trill...
Copying 19 training files of Trill-Wobble...
Copying 2 validation files of Trill-Wobble...
Copying 2 test files of Trill-Wobble...
Copying 59 training files of Tuplet...
Copying 7 validation files of Tuplet...
Copying 7 test files of Tuplet...
Copying 65 training files of Turn...
Copying 8 validation files of Turn...
Copying 8 test files of Turn...
Copying 10 training files of Volta...
Copying 1 validation files of Volta...
Copying 1 test files of Volta...
Copying 783 training files of Whole-Half-Rest...
Copying 97 validation files of Whole-Half-Rest...
Copying 97 test files of Whole-Half-Rest...
Copying 1867 training files of Whole-Note...
Copying 233 validation files of Whole-Note...
Copying 233 test files of Whole-Note...
Loading configuration and data-readers...
Found 72507 images belonging to 79 classes.
Found 9022 images belonging to 79 classes.
Found 9022 images belonging to 79 classes.
____________________________________________________________________________________________________
Layer (type)                     Output Shape          Param #     Connected to
====================================================================================================
input_1 (InputLayer)             (None, 96, 96, 3)     0
____________________________________________________________________________________________________
conv2d_1 (Conv2D)                (None, 96, 96, 16)    448         input_1[0][0]
____________________________________________________________________________________________________
batch_normalization_1 (BatchNorm (None, 96, 96, 16)    64          conv2d_1[0][0]
____________________________________________________________________________________________________
activation_1 (Activation)        (None, 96, 96, 16)    0           batch_normalization_1[0][0]
____________________________________________________________________________________________________
conv2d_2 (Conv2D)                (None, 96, 96, 16)    2320        activation_1[0][0]
____________________________________________________________________________________________________
batch_normalization_2 (BatchNorm (None, 96, 96, 16)    64          conv2d_2[0][0]
____________________________________________________________________________________________________
activation_2 (Activation)        (None, 96, 96, 16)    0           batch_normalization_2[0][0]
____________________________________________________________________________________________________
conv2d_3 (Conv2D)                (None, 96, 96, 16)    2320        activation_2[0][0]
____________________________________________________________________________________________________
batch_normalization_3 (BatchNorm (None, 96, 96, 16)    64          conv2d_3[0][0]
____________________________________________________________________________________________________
add_1 (Add)                      (None, 96, 96, 16)    0           batch_normalization_3[0][0]
                                                                   activation_1[0][0]
____________________________________________________________________________________________________
activation_3 (Activation)        (None, 96, 96, 16)    0           add_1[0][0]
____________________________________________________________________________________________________
max_pooling2d_1 (MaxPooling2D)   (None, 48, 48, 16)    0           activation_3[0][0]
____________________________________________________________________________________________________
conv2d_4 (Conv2D)                (None, 48, 48, 32)    4640        max_pooling2d_1[0][0]
____________________________________________________________________________________________________
batch_normalization_4 (BatchNorm (None, 48, 48, 32)    128         conv2d_4[0][0]
____________________________________________________________________________________________________
activation_4 (Activation)        (None, 48, 48, 32)    0           batch_normalization_4[0][0]
____________________________________________________________________________________________________
conv2d_5 (Conv2D)                (None, 48, 48, 32)    9248        activation_4[0][0]
____________________________________________________________________________________________________
batch_normalization_5 (BatchNorm (None, 48, 48, 32)    128         conv2d_5[0][0]
____________________________________________________________________________________________________
conv2d_6 (Conv2D)                (None, 48, 48, 32)    4640        max_pooling2d_1[0][0]
____________________________________________________________________________________________________
add_2 (Add)                      (None, 48, 48, 32)    0           batch_normalization_5[0][0]
                                                                   conv2d_6[0][0]
____________________________________________________________________________________________________
activation_5 (Activation)        (None, 48, 48, 32)    0           add_2[0][0]
____________________________________________________________________________________________________
conv2d_7 (Conv2D)                (None, 48, 48, 32)    9248        activation_5[0][0]
____________________________________________________________________________________________________
batch_normalization_6 (BatchNorm (None, 48, 48, 32)    128         conv2d_7[0][0]
____________________________________________________________________________________________________
activation_6 (Activation)        (None, 48, 48, 32)    0           batch_normalization_6[0][0]
____________________________________________________________________________________________________
conv2d_8 (Conv2D)                (None, 48, 48, 32)    9248        activation_6[0][0]
____________________________________________________________________________________________________
batch_normalization_7 (BatchNorm (None, 48, 48, 32)    128         conv2d_8[0][0]
____________________________________________________________________________________________________
add_3 (Add)                      (None, 48, 48, 32)    0           batch_normalization_7[0][0]
                                                                   activation_5[0][0]
____________________________________________________________________________________________________
activation_7 (Activation)        (None, 48, 48, 32)    0           add_3[0][0]
____________________________________________________________________________________________________
max_pooling2d_2 (MaxPooling2D)   (None, 24, 24, 32)    0           activation_7[0][0]
____________________________________________________________________________________________________
conv2d_9 (Conv2D)                (None, 24, 24, 64)    18496       max_pooling2d_2[0][0]
____________________________________________________________________________________________________
batch_normalization_8 (BatchNorm (None, 24, 24, 64)    256         conv2d_9[0][0]
____________________________________________________________________________________________________
activation_8 (Activation)        (None, 24, 24, 64)    0           batch_normalization_8[0][0]
____________________________________________________________________________________________________
conv2d_10 (Conv2D)               (None, 24, 24, 64)    36928       activation_8[0][0]
____________________________________________________________________________________________________
batch_normalization_9 (BatchNorm (None, 24, 24, 64)    256         conv2d_10[0][0]
____________________________________________________________________________________________________
conv2d_11 (Conv2D)               (None, 24, 24, 64)    18496       max_pooling2d_2[0][0]
____________________________________________________________________________________________________
add_4 (Add)                      (None, 24, 24, 64)    0           batch_normalization_9[0][0]
                                                                   conv2d_11[0][0]
____________________________________________________________________________________________________
activation_9 (Activation)        (None, 24, 24, 64)    0           add_4[0][0]
____________________________________________________________________________________________________
conv2d_12 (Conv2D)               (None, 24, 24, 64)    36928       activation_9[0][0]
____________________________________________________________________________________________________
batch_normalization_10 (BatchNor (None, 24, 24, 64)    256         conv2d_12[0][0]
____________________________________________________________________________________________________
activation_10 (Activation)       (None, 24, 24, 64)    0           batch_normalization_10[0][0]
____________________________________________________________________________________________________
conv2d_13 (Conv2D)               (None, 24, 24, 64)    36928       activation_10[0][0]
____________________________________________________________________________________________________
batch_normalization_11 (BatchNor (None, 24, 24, 64)    256         conv2d_13[0][0]
____________________________________________________________________________________________________
add_5 (Add)                      (None, 24, 24, 64)    0           batch_normalization_11[0][0]
                                                                   activation_9[0][0]
____________________________________________________________________________________________________
activation_11 (Activation)       (None, 24, 24, 64)    0           add_5[0][0]
____________________________________________________________________________________________________
conv2d_14 (Conv2D)               (None, 24, 24, 64)    36928       activation_11[0][0]
____________________________________________________________________________________________________
batch_normalization_12 (BatchNor (None, 24, 24, 64)    256         conv2d_14[0][0]
____________________________________________________________________________________________________
activation_12 (Activation)       (None, 24, 24, 64)    0           batch_normalization_12[0][0]
____________________________________________________________________________________________________
conv2d_15 (Conv2D)               (None, 24, 24, 64)    36928       activation_12[0][0]
____________________________________________________________________________________________________
batch_normalization_13 (BatchNor (None, 24, 24, 64)    256         conv2d_15[0][0]
____________________________________________________________________________________________________
add_6 (Add)                      (None, 24, 24, 64)    0           batch_normalization_13[0][0]
                                                                   activation_11[0][0]
____________________________________________________________________________________________________
activation_13 (Activation)       (None, 24, 24, 64)    0           add_6[0][0]
____________________________________________________________________________________________________
max_pooling2d_3 (MaxPooling2D)   (None, 12, 12, 64)    0           activation_13[0][0]
____________________________________________________________________________________________________
conv2d_16 (Conv2D)               (None, 12, 12, 128)   73856       max_pooling2d_3[0][0]
____________________________________________________________________________________________________
batch_normalization_14 (BatchNor (None, 12, 12, 128)   512         conv2d_16[0][0]
____________________________________________________________________________________________________
activation_14 (Activation)       (None, 12, 12, 128)   0           batch_normalization_14[0][0]
____________________________________________________________________________________________________
conv2d_17 (Conv2D)               (None, 12, 12, 128)   147584      activation_14[0][0]
____________________________________________________________________________________________________
batch_normalization_15 (BatchNor (None, 12, 12, 128)   512         conv2d_17[0][0]
____________________________________________________________________________________________________
conv2d_18 (Conv2D)               (None, 12, 12, 128)   73856       max_pooling2d_3[0][0]
____________________________________________________________________________________________________
add_7 (Add)                      (None, 12, 12, 128)   0           batch_normalization_15[0][0]
                                                                   conv2d_18[0][0]
____________________________________________________________________________________________________
activation_15 (Activation)       (None, 12, 12, 128)   0           add_7[0][0]
____________________________________________________________________________________________________
conv2d_19 (Conv2D)               (None, 12, 12, 128)   147584      activation_15[0][0]
____________________________________________________________________________________________________
batch_normalization_16 (BatchNor (None, 12, 12, 128)   512         conv2d_19[0][0]
____________________________________________________________________________________________________
activation_16 (Activation)       (None, 12, 12, 128)   0           batch_normalization_16[0][0]
____________________________________________________________________________________________________
conv2d_20 (Conv2D)               (None, 12, 12, 128)   147584      activation_16[0][0]
____________________________________________________________________________________________________
batch_normalization_17 (BatchNor (None, 12, 12, 128)   512         conv2d_20[0][0]
____________________________________________________________________________________________________
add_8 (Add)                      (None, 12, 12, 128)   0           batch_normalization_17[0][0]
                                                                   activation_15[0][0]
____________________________________________________________________________________________________
activation_17 (Activation)       (None, 12, 12, 128)   0           add_8[0][0]
____________________________________________________________________________________________________
conv2d_21 (Conv2D)               (None, 12, 12, 128)   147584      activation_17[0][0]
____________________________________________________________________________________________________
batch_normalization_18 (BatchNor (None, 12, 12, 128)   512         conv2d_21[0][0]
____________________________________________________________________________________________________
activation_18 (Activation)       (None, 12, 12, 128)   0           batch_normalization_18[0][0]
____________________________________________________________________________________________________
conv2d_22 (Conv2D)               (None, 12, 12, 128)   147584      activation_18[0][0]
____________________________________________________________________________________________________
batch_normalization_19 (BatchNor (None, 12, 12, 128)   512         conv2d_22[0][0]
____________________________________________________________________________________________________
add_9 (Add)                      (None, 12, 12, 128)   0           batch_normalization_19[0][0]
                                                                   activation_17[0][0]
____________________________________________________________________________________________________
activation_19 (Activation)       (None, 12, 12, 128)   0           add_9[0][0]
____________________________________________________________________________________________________
max_pooling2d_4 (MaxPooling2D)   (None, 6, 6, 128)     0           activation_19[0][0]
____________________________________________________________________________________________________
conv2d_23 (Conv2D)               (None, 6, 6, 256)     295168      max_pooling2d_4[0][0]
____________________________________________________________________________________________________
batch_normalization_20 (BatchNor (None, 6, 6, 256)     1024        conv2d_23[0][0]
____________________________________________________________________________________________________
activation_20 (Activation)       (None, 6, 6, 256)     0           batch_normalization_20[0][0]
____________________________________________________________________________________________________
conv2d_24 (Conv2D)               (None, 6, 6, 256)     590080      activation_20[0][0]
____________________________________________________________________________________________________
batch_normalization_21 (BatchNor (None, 6, 6, 256)     1024        conv2d_24[0][0]
____________________________________________________________________________________________________
conv2d_25 (Conv2D)               (None, 6, 6, 256)     295168      max_pooling2d_4[0][0]
____________________________________________________________________________________________________
add_10 (Add)                     (None, 6, 6, 256)     0           batch_normalization_21[0][0]
                                                                   conv2d_25[0][0]
____________________________________________________________________________________________________
activation_21 (Activation)       (None, 6, 6, 256)     0           add_10[0][0]
____________________________________________________________________________________________________
conv2d_26 (Conv2D)               (None, 6, 6, 256)     590080      activation_21[0][0]
____________________________________________________________________________________________________
batch_normalization_22 (BatchNor (None, 6, 6, 256)     1024        conv2d_26[0][0]
____________________________________________________________________________________________________
activation_22 (Activation)       (None, 6, 6, 256)     0           batch_normalization_22[0][0]
____________________________________________________________________________________________________
conv2d_27 (Conv2D)               (None, 6, 6, 256)     590080      activation_22[0][0]
____________________________________________________________________________________________________
batch_normalization_23 (BatchNor (None, 6, 6, 256)     1024        conv2d_27[0][0]
____________________________________________________________________________________________________
add_11 (Add)                     (None, 6, 6, 256)     0           batch_normalization_23[0][0]
                                                                   activation_21[0][0]
____________________________________________________________________________________________________
activation_23 (Activation)       (None, 6, 6, 256)     0           add_11[0][0]
____________________________________________________________________________________________________
conv2d_28 (Conv2D)               (None, 6, 6, 256)     590080      activation_23[0][0]
____________________________________________________________________________________________________
batch_normalization_24 (BatchNor (None, 6, 6, 256)     1024        conv2d_28[0][0]
____________________________________________________________________________________________________
activation_24 (Activation)       (None, 6, 6, 256)     0           batch_normalization_24[0][0]
____________________________________________________________________________________________________
conv2d_29 (Conv2D)               (None, 6, 6, 256)     590080      activation_24[0][0]
____________________________________________________________________________________________________
batch_normalization_25 (BatchNor (None, 6, 6, 256)     1024        conv2d_29[0][0]
____________________________________________________________________________________________________
add_12 (Add)                     (None, 6, 6, 256)     0           batch_normalization_25[0][0]
                                                                   activation_23[0][0]
____________________________________________________________________________________________________
activation_25 (Activation)       (None, 6, 6, 256)     0           add_12[0][0]
____________________________________________________________________________________________________
average_pooling2d_1 (AveragePool (None, 3, 3, 256)     0           activation_25[0][0]
____________________________________________________________________________________________________
flatten_1 (Flatten)              (None, 2304)          0           average_pooling2d_1[0][0]
____________________________________________________________________________________________________
output_class (Dense)             (None, 79)            182095      flatten_1[0][0]
====================================================================================================
Total params: 4,883,663
Trainable params: 4,877,935
Non-trainable params: 5,728
____________________________________________________________________________________________________
Model res_net_3_small loaded.
2017-07-28 19:42:58.262327: W c:\tf_jenkins\home\workspace\release-win\m\windows-gpu\py\35\tensorflow\core\platform\cpu_feature_guard.cc:45] The TensorFlow library wasn't compiled to use SSE instructions, but these are available
 on your machine and could speed up CPU computations.
2017-07-28 19:42:58.262449: W c:\tf_jenkins\home\workspace\release-win\m\windows-gpu\py\35\tensorflow\core\platform\cpu_feature_guard.cc:45] The TensorFlow library wasn't compiled to use SSE2 instructions, but these are availabl
e on your machine and could speed up CPU computations.
2017-07-28 19:42:58.263021: W c:\tf_jenkins\home\workspace\release-win\m\windows-gpu\py\35\tensorflow\core\platform\cpu_feature_guard.cc:45] The TensorFlow library wasn't compiled to use SSE3 instructions, but these are availabl
e on your machine and could speed up CPU computations.
2017-07-28 19:42:58.264229: W c:\tf_jenkins\home\workspace\release-win\m\windows-gpu\py\35\tensorflow\core\platform\cpu_feature_guard.cc:45] The TensorFlow library wasn't compiled to use SSE4.1 instructions, but these are availa
ble on your machine and could speed up CPU computations.
2017-07-28 19:42:58.264662: W c:\tf_jenkins\home\workspace\release-win\m\windows-gpu\py\35\tensorflow\core\platform\cpu_feature_guard.cc:45] The TensorFlow library wasn't compiled to use SSE4.2 instructions, but these are availa
ble on your machine and could speed up CPU computations.
2017-07-28 19:42:58.264957: W c:\tf_jenkins\home\workspace\release-win\m\windows-gpu\py\35\tensorflow\core\platform\cpu_feature_guard.cc:45] The TensorFlow library wasn't compiled to use AVX instructions, but these are available
 on your machine and could speed up CPU computations.
2017-07-28 19:42:58.265283: W c:\tf_jenkins\home\workspace\release-win\m\windows-gpu\py\35\tensorflow\core\platform\cpu_feature_guard.cc:45] The TensorFlow library wasn't compiled to use AVX2 instructions, but these are availabl
e on your machine and could speed up CPU computations.
2017-07-28 19:42:58.265564: W c:\tf_jenkins\home\workspace\release-win\m\windows-gpu\py\35\tensorflow\core\platform\cpu_feature_guard.cc:45] The TensorFlow library wasn't compiled to use FMA instructions, but these are available
 on your machine and could speed up CPU computations.
2017-07-28 19:42:58.602407: I c:\tf_jenkins\home\workspace\release-win\m\windows-gpu\py\35\tensorflow\core\common_runtime\gpu\gpu_device.cc:940] Found device 0 with properties:
name: GeForce GTX 1080 Ti
major: 6 minor: 1 memoryClockRate (GHz) 1.582
pciBusID 0000:01:00.0
Total memory: 11.00GiB
Free memory: 9.12GiB
2017-07-28 19:42:58.602513: I c:\tf_jenkins\home\workspace\release-win\m\windows-gpu\py\35\tensorflow\core\common_runtime\gpu\gpu_device.cc:961] DMA: 0
2017-07-28 19:42:58.603802: I c:\tf_jenkins\home\workspace\release-win\m\windows-gpu\py\35\tensorflow\core\common_runtime\gpu\gpu_device.cc:971] 0:   Y
2017-07-28 19:42:58.604179: I c:\tf_jenkins\home\workspace\release-win\m\windows-gpu\py\35\tensorflow\core\common_runtime\gpu\gpu_device.cc:1030] Creating TensorFlow device (/gpu:0) -> (device: 0, name: GeForce GTX 1080 Ti, pci
bus id: 0000:01:00.0)
Training for 200 epochs with initial learning rate of 0.01, weight-decay of 0.0001 and Nesterov Momentum of 0.9 ...
Additional parameters: Initialization: glorot_uniform, Minibatch-size: 32, Early stopping after 20 epochs without improvement
Data-Shape: (96, 96, 3), Reducing learning rate by factor to 0.5 respectively if not improved validation accuracy after 8 epochs
Data-augmentation: Zooming 20.0% randomly, rotating 10° randomly
Optimizer: Adadelta, with parameters {'lr': 1.0, 'rho': 0.95, 'epsilon': 1e-08, 'decay': 0.0}
Performing object localization: False
Training on dataset...
Epoch 1/200
   3/2266 [..............................] - ETA: 4720s - loss: 7.9760 - acc: 0.11462017-07-28 19:43:17.154583: I c:\tf_jenkins\home\workspace\release-win\m\windows-gpu\py\35\tensorflow\core\common_runtime\gpu\pool_allocator.cc:
247] PoolAllocator: After 2423 get requests, put_count=2234 evicted_count=1000 eviction_rate=0.447628 and unsatisfied allocation rate=0.531985
2017-07-28 19:43:17.154661: I c:\tf_jenkins\home\workspace\release-win\m\windows-gpu\py\35\tensorflow\core\common_runtime\gpu\pool_allocator.cc:259] Raising pool_size_limit_ from 100 to 110
  50/2266 [..............................] - ETA: 453s - loss: 4.3113 - acc: 0.33872017-07-28 19:43:21.129127: I c:\tf_jenkins\home\workspace\release-win\m\windows-gpu\py\35\tensorflow\core\common_runtime\gpu\pool_allocator.cc:2
47] PoolAllocator: After 4789 get requests, put_count=4728 evicted_count=1000 eviction_rate=0.211506 and unsatisfied allocation rate=0.226352
2017-07-28 19:43:21.129207: I c:\tf_jenkins\home\workspace\release-win\m\windows-gpu\py\35\tensorflow\core\common_runtime\gpu\pool_allocator.cc:259] Raising pool_size_limit_ from 256 to 281
2265/2266 [============================>.] - ETA: 0s - loss: 0.9301 - acc: 0.8328Epoch 00000: val_acc improved from -inf to 0.90712, saving model to 2017-07-28_res_net_3_small.h5
2266/2266 [==============================] - 208s - loss: 0.9299 - acc: 0.8328 - val_loss: 0.5694 - val_acc: 0.9071
Epoch 2/200
2265/2266 [============================>.] - ETA: 0s - loss: 0.5074 - acc: 0.9252Epoch 00001: val_acc improved from 0.90712 to 0.94558, saving model to 2017-07-28_res_net_3_small.h5
2266/2266 [==============================] - 201s - loss: 0.5074 - acc: 0.9252 - val_loss: 0.4109 - val_acc: 0.9456
Epoch 3/200
2265/2266 [============================>.] - ETA: 0s - loss: 0.4154 - acc: 0.9406Epoch 00002: val_acc improved from 0.94558 to 0.94868, saving model to 2017-07-28_res_net_3_small.h5
2266/2266 [==============================] - 201s - loss: 0.4154 - acc: 0.9406 - val_loss: 0.3815 - val_acc: 0.9487
Epoch 4/200
2265/2266 [============================>.] - ETA: 0s - loss: 0.3642 - acc: 0.9481Epoch 00003: val_acc improved from 0.94868 to 0.95522, saving model to 2017-07-28_res_net_3_small.h5
2266/2266 [==============================] - 201s - loss: 0.3641 - acc: 0.9481 - val_loss: 0.3484 - val_acc: 0.9552
Epoch 5/200
2265/2266 [============================>.] - ETA: 0s - loss: 0.3283 - acc: 0.9559Epoch 00004: val_acc improved from 0.95522 to 0.96497, saving model to 2017-07-28_res_net_3_small.h5
2266/2266 [==============================] - 201s - loss: 0.3282 - acc: 0.9559 - val_loss: 0.3071 - val_acc: 0.9650
Epoch 6/200
2265/2266 [============================>.] - ETA: 0s - loss: 0.3084 - acc: 0.9590Epoch 00005: val_acc did not improve
2266/2266 [==============================] - 201s - loss: 0.3085 - acc: 0.9590 - val_loss: 0.2951 - val_acc: 0.9626
Epoch 7/200
2265/2266 [============================>.] - ETA: 0s - loss: 0.2954 - acc: 0.9611Epoch 00006: val_acc did not improve
2266/2266 [==============================] - 201s - loss: 0.2953 - acc: 0.9610 - val_loss: 0.3086 - val_acc: 0.9615
Epoch 8/200
2265/2266 [============================>.] - ETA: 0s - loss: 0.2890 - acc: 0.9626Epoch 00007: val_acc did not improve
2266/2266 [==============================] - 201s - loss: 0.2890 - acc: 0.9626 - val_loss: 0.2842 - val_acc: 0.9646
Epoch 9/200
2265/2266 [============================>.] - ETA: 0s - loss: 0.2847 - acc: 0.9642Epoch 00008: val_acc improved from 0.96497 to 0.96642, saving model to 2017-07-28_res_net_3_small.h5
2266/2266 [==============================] - 201s - loss: 0.2847 - acc: 0.9642 - val_loss: 0.2829 - val_acc: 0.9664
Epoch 10/200
2265/2266 [============================>.] - ETA: 0s - loss: 0.2792 - acc: 0.9662Epoch 00009: val_acc did not improve
2266/2266 [==============================] - 200s - loss: 0.2791 - acc: 0.9662 - val_loss: 0.2811 - val_acc: 0.9660
Epoch 11/200
2265/2266 [============================>.] - ETA: 0s - loss: 0.2805 - acc: 0.9684Epoch 00010: val_acc did not improve
2266/2266 [==============================] - 201s - loss: 0.2804 - acc: 0.9684 - val_loss: 0.3050 - val_acc: 0.9658
Epoch 12/200
2265/2266 [============================>.] - ETA: 0s - loss: 0.2812 - acc: 0.9683Epoch 00011: val_acc did not improve
2266/2266 [==============================] - 201s - loss: 0.2812 - acc: 0.9683 - val_loss: 0.3292 - val_acc: 0.9590
Epoch 13/200
2265/2266 [============================>.] - ETA: 0s - loss: 0.2787 - acc: 0.9706Epoch 00012: val_acc did not improve
2266/2266 [==============================] - 201s - loss: 0.2788 - acc: 0.9706 - val_loss: 0.3706 - val_acc: 0.9510
Epoch 14/200
2265/2266 [============================>.] - ETA: 0s - loss: 0.2828 - acc: 0.9705Epoch 00013: val_acc improved from 0.96642 to 0.97007, saving model to 2017-07-28_res_net_3_small.h5
2266/2266 [==============================] - 201s - loss: 0.2828 - acc: 0.9705 - val_loss: 0.2919 - val_acc: 0.9701
Epoch 15/200
2265/2266 [============================>.] - ETA: 0s - loss: 0.2815 - acc: 0.9713Epoch 00014: val_acc improved from 0.97007 to 0.97550, saving model to 2017-07-28_res_net_3_small.h5
2266/2266 [==============================] - 201s - loss: 0.2814 - acc: 0.9713 - val_loss: 0.2895 - val_acc: 0.9755
Epoch 16/200
2265/2266 [============================>.] - ETA: 0s - loss: 0.2854 - acc: 0.9725Epoch 00015: val_acc did not improve
2266/2266 [==============================] - 201s - loss: 0.2854 - acc: 0.9725 - val_loss: 0.3135 - val_acc: 0.9696
Epoch 17/200
2265/2266 [============================>.] - ETA: 0s - loss: 0.2884 - acc: 0.9721Epoch 00016: val_acc did not improve
2266/2266 [==============================] - 201s - loss: 0.2884 - acc: 0.9721 - val_loss: 0.3072 - val_acc: 0.9702
Epoch 18/200
2265/2266 [============================>.] - ETA: 0s - loss: 0.2897 - acc: 0.9735Epoch 00017: val_acc did not improve
2266/2266 [==============================] - 201s - loss: 0.2897 - acc: 0.9735 - val_loss: 0.3018 - val_acc: 0.9738
Epoch 19/200
2265/2266 [============================>.] - ETA: 0s - loss: 0.2930 - acc: 0.9740Epoch 00018: val_acc did not improve
2266/2266 [==============================] - 201s - loss: 0.2930 - acc: 0.9740 - val_loss: 0.3296 - val_acc: 0.9666
Epoch 20/200
2265/2266 [============================>.] - ETA: 0s - loss: 0.2959 - acc: 0.9747Epoch 00019: val_acc did not improve
2266/2266 [==============================] - 201s - loss: 0.2960 - acc: 0.9747 - val_loss: 0.3235 - val_acc: 0.9706
Epoch 21/200
2265/2266 [============================>.] - ETA: 0s - loss: 0.2979 - acc: 0.9743Epoch 00020: val_acc did not improve
2266/2266 [==============================] - 201s - loss: 0.2979 - acc: 0.9743 - val_loss: 0.3419 - val_acc: 0.9629
Epoch 22/200
2265/2266 [============================>.] - ETA: 0s - loss: 0.2987 - acc: 0.9752Epoch 00021: val_acc did not improve
2266/2266 [==============================] - 201s - loss: 0.2988 - acc: 0.9751 - val_loss: 0.3258 - val_acc: 0.9703
Epoch 23/200
2265/2266 [============================>.] - ETA: 0s - loss: 0.2992 - acc: 0.9759Epoch 00022: val_acc did not improve
2266/2266 [==============================] - 201s - loss: 0.2992 - acc: 0.9759 - val_loss: 0.3239 - val_acc: 0.9721
Epoch 24/200
2265/2266 [============================>.] - ETA: 0s - loss: 0.3017 - acc: 0.9764Epoch 00023: val_acc did not improve

Epoch 00023: reducing learning rate to 0.5.
2266/2266 [==============================] - 201s - loss: 0.3017 - acc: 0.9765 - val_loss: 0.3194 - val_acc: 0.9728
Epoch 25/200
2265/2266 [============================>.] - ETA: 0s - loss: 0.2714 - acc: 0.9850Epoch 00024: val_acc improved from 0.97550 to 0.97839, saving model to 2017-07-28_res_net_3_small.h5
2266/2266 [==============================] - 201s - loss: 0.2714 - acc: 0.9850 - val_loss: 0.2995 - val_acc: 0.9784
Epoch 26/200
2265/2266 [============================>.] - ETA: 0s - loss: 0.2595 - acc: 0.9864Epoch 00025: val_acc did not improve
2266/2266 [==============================] - 201s - loss: 0.2595 - acc: 0.9864 - val_loss: 0.2981 - val_acc: 0.9764
Epoch 27/200
2265/2266 [============================>.] - ETA: 0s - loss: 0.2554 - acc: 0.9862Epoch 00026: val_acc did not improve
2266/2266 [==============================] - 201s - loss: 0.2555 - acc: 0.9862 - val_loss: 0.2914 - val_acc: 0.9767
Epoch 28/200
2265/2266 [============================>.] - ETA: 0s - loss: 0.2522 - acc: 0.9865Epoch 00027: val_acc did not improve
2266/2266 [==============================] - 201s - loss: 0.2522 - acc: 0.9865 - val_loss: 0.2891 - val_acc: 0.9777
Epoch 29/200
2265/2266 [============================>.] - ETA: 0s - loss: 0.2497 - acc: 0.9871Epoch 00028: val_acc did not improve
2266/2266 [==============================] - 201s - loss: 0.2497 - acc: 0.9871 - val_loss: 0.2860 - val_acc: 0.9774
Epoch 30/200
2265/2266 [============================>.] - ETA: 0s - loss: 0.2490 - acc: 0.9861Epoch 00029: val_acc did not improve
2266/2266 [==============================] - 201s - loss: 0.2490 - acc: 0.9861 - val_loss: 0.2962 - val_acc: 0.9753
Epoch 31/200
2265/2266 [============================>.] - ETA: 0s - loss: 0.2463 - acc: 0.9876Epoch 00030: val_acc did not improve
2266/2266 [==============================] - 201s - loss: 0.2463 - acc: 0.9876 - val_loss: 0.2919 - val_acc: 0.9763
Epoch 32/200
2265/2266 [============================>.] - ETA: 0s - loss: 0.2476 - acc: 0.9873Epoch 00031: val_acc did not improve
2266/2266 [==============================] - 201s - loss: 0.2475 - acc: 0.9873 - val_loss: 0.2891 - val_acc: 0.9783
Epoch 33/200
2265/2266 [============================>.] - ETA: 0s - loss: 0.2463 - acc: 0.9869Epoch 00032: val_acc did not improve
2266/2266 [==============================] - 201s - loss: 0.2463 - acc: 0.9869 - val_loss: 0.2985 - val_acc: 0.9756
Epoch 34/200
2265/2266 [============================>.] - ETA: 0s - loss: 0.2450 - acc: 0.9879Epoch 00033: val_acc did not improve

Epoch 00033: reducing learning rate to 0.25.
2266/2266 [==============================] - 201s - loss: 0.2451 - acc: 0.9879 - val_loss: 0.3106 - val_acc: 0.9746
Epoch 35/200
2265/2266 [============================>.] - ETA: 0s - loss: 0.2308 - acc: 0.9910Epoch 00034: val_acc improved from 0.97839 to 0.98027, saving model to 2017-07-28_res_net_3_small.h5
2266/2266 [==============================] - 201s - loss: 0.2308 - acc: 0.9910 - val_loss: 0.2746 - val_acc: 0.9803
Epoch 36/200
2265/2266 [============================>.] - ETA: 0s - loss: 0.2246 - acc: 0.9921Epoch 00035: val_acc did not improve
2266/2266 [==============================] - 201s - loss: 0.2246 - acc: 0.9921 - val_loss: 0.2846 - val_acc: 0.9799
Epoch 37/200
2265/2266 [============================>.] - ETA: 0s - loss: 0.2221 - acc: 0.9922Epoch 00036: val_acc did not improve
2266/2266 [==============================] - 201s - loss: 0.2221 - acc: 0.9922 - val_loss: 0.2791 - val_acc: 0.9789
Epoch 38/200
2265/2266 [============================>.] - ETA: 0s - loss: 0.2194 - acc: 0.9928Epoch 00037: val_acc improved from 0.98027 to 0.98038, saving model to 2017-07-28_res_net_3_small.h5
2266/2266 [==============================] - 201s - loss: 0.2194 - acc: 0.9928 - val_loss: 0.2685 - val_acc: 0.9804
Epoch 39/200
2265/2266 [============================>.] - ETA: 0s - loss: 0.2160 - acc: 0.9926Epoch 00038: val_acc did not improve
2266/2266 [==============================] - 201s - loss: 0.2160 - acc: 0.9926 - val_loss: 0.2691 - val_acc: 0.9782
Epoch 40/200
2265/2266 [============================>.] - ETA: 0s - loss: 0.2151 - acc: 0.9927Epoch 00039: val_acc did not improve
2266/2266 [==============================] - 201s - loss: 0.2152 - acc: 0.9927 - val_loss: 0.2757 - val_acc: 0.9763
Epoch 41/200
2265/2266 [============================>.] - ETA: 0s - loss: 0.2129 - acc: 0.9927Epoch 00040: val_acc improved from 0.98038 to 0.98071, saving model to 2017-07-28_res_net_3_small.h5
2266/2266 [==============================] - 201s - loss: 0.2129 - acc: 0.9927 - val_loss: 0.2703 - val_acc: 0.9807
Epoch 42/200
2265/2266 [============================>.] - ETA: 0s - loss: 0.2114 - acc: 0.9928Epoch 00041: val_acc did not improve
2266/2266 [==============================] - 201s - loss: 0.2114 - acc: 0.9928 - val_loss: 0.2758 - val_acc: 0.9753
Epoch 43/200
2265/2266 [============================>.] - ETA: 0s - loss: 0.2094 - acc: 0.9928Epoch 00042: val_acc did not improve
2266/2266 [==============================] - 201s - loss: 0.2094 - acc: 0.9928 - val_loss: 0.2872 - val_acc: 0.9795
Epoch 44/200
2265/2266 [============================>.] - ETA: 0s - loss: 0.2080 - acc: 0.9931Epoch 00043: val_acc did not improve
2266/2266 [==============================] - 201s - loss: 0.2080 - acc: 0.9931 - val_loss: 0.2579 - val_acc: 0.9800
Epoch 45/200
2265/2266 [============================>.] - ETA: 0s - loss: 0.2077 - acc: 0.9931Epoch 00044: val_acc did not improve
2266/2266 [==============================] - 201s - loss: 0.2077 - acc: 0.9931 - val_loss: 0.2797 - val_acc: 0.9771
Epoch 46/200
2265/2266 [============================>.] - ETA: 0s - loss: 0.2064 - acc: 0.9933Epoch 00045: val_acc did not improve
2266/2266 [==============================] - 201s - loss: 0.2064 - acc: 0.9934 - val_loss: 0.2797 - val_acc: 0.9782
Epoch 47/200
2265/2266 [============================>.] - ETA: 0s - loss: 0.2051 - acc: 0.9932Epoch 00046: val_acc did not improve
2266/2266 [==============================] - 201s - loss: 0.2051 - acc: 0.9932 - val_loss: 0.2801 - val_acc: 0.9785
Epoch 48/200
2265/2266 [============================>.] - ETA: 0s - loss: 0.2033 - acc: 0.9933Epoch 00047: val_acc did not improve
2266/2266 [==============================] - 201s - loss: 0.2034 - acc: 0.9933 - val_loss: 0.2699 - val_acc: 0.9782
Epoch 49/200
2265/2266 [============================>.] - ETA: 0s - loss: 0.2036 - acc: 0.9932Epoch 00048: val_acc did not improve
2266/2266 [==============================] - 201s - loss: 0.2036 - acc: 0.9932 - val_loss: 0.2661 - val_acc: 0.9793
Epoch 50/200
2265/2266 [============================>.] - ETA: 0s - loss: 0.2019 - acc: 0.9937Epoch 00049: val_acc did not improve

Epoch 00049: reducing learning rate to 0.125.
2266/2266 [==============================] - 201s - loss: 0.2019 - acc: 0.9937 - val_loss: 0.2610 - val_acc: 0.9784
Epoch 51/200
2265/2266 [============================>.] - ETA: 0s - loss: 0.1942 - acc: 0.9954Epoch 00050: val_acc improved from 0.98071 to 0.98271, saving model to 2017-07-28_res_net_3_small.h5
2266/2266 [==============================] - 201s - loss: 0.1942 - acc: 0.9953 - val_loss: 0.2455 - val_acc: 0.9827
Epoch 52/200
2265/2266 [============================>.] - ETA: 0s - loss: 0.1913 - acc: 0.9959Epoch 00051: val_acc did not improve
2266/2266 [==============================] - 201s - loss: 0.1913 - acc: 0.9959 - val_loss: 0.2553 - val_acc: 0.9815
Epoch 53/200
2265/2266 [============================>.] - ETA: 0s - loss: 0.1884 - acc: 0.9963Epoch 00052: val_acc did not improve
2266/2266 [==============================] - 201s - loss: 0.1884 - acc: 0.9963 - val_loss: 0.2557 - val_acc: 0.9787
Epoch 54/200
2265/2266 [============================>.] - ETA: 0s - loss: 0.1867 - acc: 0.9960Epoch 00053: val_acc did not improve
2266/2266 [==============================] - 201s - loss: 0.1866 - acc: 0.9960 - val_loss: 0.2537 - val_acc: 0.9809
Epoch 55/200
2265/2266 [============================>.] - ETA: 0s - loss: 0.1839 - acc: 0.9964Epoch 00054: val_acc did not improve
2266/2266 [==============================] - 201s - loss: 0.1840 - acc: 0.9964 - val_loss: 0.2517 - val_acc: 0.9814
Epoch 56/200
2265/2266 [============================>.] - ETA: 0s - loss: 0.1834 - acc: 0.9964Epoch 00055: val_acc did not improve
2266/2266 [==============================] - 201s - loss: 0.1833 - acc: 0.9964 - val_loss: 0.2509 - val_acc: 0.9805
Epoch 57/200
2265/2266 [============================>.] - ETA: 0s - loss: 0.1807 - acc: 0.9966Epoch 00056: val_acc did not improve
2266/2266 [==============================] - 201s - loss: 0.1807 - acc: 0.9966 - val_loss: 0.2511 - val_acc: 0.9819
Epoch 58/200
2265/2266 [============================>.] - ETA: 0s - loss: 0.1792 - acc: 0.9967Epoch 00057: val_acc did not improve
2266/2266 [==============================] - 200s - loss: 0.1792 - acc: 0.9967 - val_loss: 0.2496 - val_acc: 0.9800
Epoch 59/200
2265/2266 [============================>.] - ETA: 0s - loss: 0.1781 - acc: 0.9963Epoch 00058: val_acc did not improve
2266/2266 [==============================] - 201s - loss: 0.1781 - acc: 0.9963 - val_loss: 0.2538 - val_acc: 0.9807
Epoch 60/200
2265/2266 [============================>.] - ETA: 0s - loss: 0.1765 - acc: 0.9967Epoch 00059: val_acc did not improve

Epoch 00059: reducing learning rate to 0.0625.
2266/2266 [==============================] - 200s - loss: 0.1765 - acc: 0.9967 - val_loss: 0.2492 - val_acc: 0.9804
Epoch 61/200
2265/2266 [============================>.] - ETA: 0s - loss: 0.1719 - acc: 0.9974Epoch 00060: val_acc did not improve
2266/2266 [==============================] - 201s - loss: 0.1719 - acc: 0.9974 - val_loss: 0.2423 - val_acc: 0.9817
Epoch 62/200
2265/2266 [============================>.] - ETA: 0s - loss: 0.1699 - acc: 0.9978Epoch 00061: val_acc did not improve
2266/2266 [==============================] - 201s - loss: 0.1699 - acc: 0.9978 - val_loss: 0.2373 - val_acc: 0.9825
Epoch 63/200
2265/2266 [============================>.] - ETA: 0s - loss: 0.1684 - acc: 0.9979Epoch 00062: val_acc improved from 0.98271 to 0.98326, saving model to 2017-07-28_res_net_3_small.h5
2266/2266 [==============================] - 201s - loss: 0.1684 - acc: 0.9979 - val_loss: 0.2353 - val_acc: 0.9833
Epoch 64/200
2265/2266 [============================>.] - ETA: 0s - loss: 0.1678 - acc: 0.9979Epoch 00063: val_acc did not improve
2266/2266 [==============================] - 201s - loss: 0.1678 - acc: 0.9979 - val_loss: 0.2481 - val_acc: 0.9804
Epoch 65/200
2265/2266 [============================>.] - ETA: 0s - loss: 0.1659 - acc: 0.9979Epoch 00064: val_acc did not improve
2266/2266 [==============================] - 201s - loss: 0.1659 - acc: 0.9979 - val_loss: 0.2373 - val_acc: 0.9826
Epoch 66/200
2265/2266 [============================>.] - ETA: 0s - loss: 0.1652 - acc: 0.9976Epoch 00065: val_acc did not improve
2266/2266 [==============================] - 201s - loss: 0.1652 - acc: 0.9976 - val_loss: 0.2386 - val_acc: 0.9825
Epoch 67/200
2265/2266 [============================>.] - ETA: 0s - loss: 0.1641 - acc: 0.9977Epoch 00066: val_acc did not improve
2266/2266 [==============================] - 201s - loss: 0.1641 - acc: 0.9977 - val_loss: 0.2474 - val_acc: 0.9812
Epoch 68/200
2265/2266 [============================>.] - ETA: 0s - loss: 0.1630 - acc: 0.9978Epoch 00067: val_acc did not improve
2266/2266 [==============================] - 201s - loss: 0.1630 - acc: 0.9978 - val_loss: 0.2365 - val_acc: 0.9808
Epoch 69/200
2265/2266 [============================>.] - ETA: 0s - loss: 0.1616 - acc: 0.9978Epoch 00068: val_acc did not improve
2266/2266 [==============================] - 201s - loss: 0.1616 - acc: 0.9978 - val_loss: 0.2410 - val_acc: 0.9815
Epoch 70/200
2265/2266 [============================>.] - ETA: 0s - loss: 0.1605 - acc: 0.9979Epoch 00069: val_acc did not improve
2266/2266 [==============================] - 201s - loss: 0.1604 - acc: 0.9979 - val_loss: 0.2314 - val_acc: 0.9816
Epoch 71/200
2265/2266 [============================>.] - ETA: 0s - loss: 0.1597 - acc: 0.9977Epoch 00070: val_acc did not improve
2266/2266 [==============================] - 201s - loss: 0.1597 - acc: 0.9977 - val_loss: 0.2433 - val_acc: 0.9808
Epoch 72/200
2265/2266 [============================>.] - ETA: 0s - loss: 0.1574 - acc: 0.9982Epoch 00071: val_acc did not improve

Epoch 00071: reducing learning rate to 0.03125.
2266/2266 [==============================] - 201s - loss: 0.1574 - acc: 0.9982 - val_loss: 0.2271 - val_acc: 0.9826
Epoch 73/200
2265/2266 [============================>.] - ETA: 0s - loss: 0.1562 - acc: 0.9983Epoch 00072: val_acc did not improve
2266/2266 [==============================] - 201s - loss: 0.1562 - acc: 0.9983 - val_loss: 0.2415 - val_acc: 0.9800
Epoch 74/200
2265/2266 [============================>.] - ETA: 0s - loss: 0.1554 - acc: 0.9983Epoch 00073: val_acc did not improve
2266/2266 [==============================] - 201s - loss: 0.1554 - acc: 0.9983 - val_loss: 0.2358 - val_acc: 0.9826
Epoch 75/200
2265/2266 [============================>.] - ETA: 0s - loss: 0.1541 - acc: 0.9985Epoch 00074: val_acc did not improve
2266/2266 [==============================] - 201s - loss: 0.1541 - acc: 0.9985 - val_loss: 0.2346 - val_acc: 0.9826
Epoch 76/200
2265/2266 [============================>.] - ETA: 0s - loss: 0.1535 - acc: 0.9985Epoch 00075: val_acc did not improve
2266/2266 [==============================] - 201s - loss: 0.1535 - acc: 0.9985 - val_loss: 0.2232 - val_acc: 0.9833
Epoch 77/200
2265/2266 [============================>.] - ETA: 0s - loss: 0.1526 - acc: 0.9985Epoch 00076: val_acc did not improve
2266/2266 [==============================] - 201s - loss: 0.1526 - acc: 0.9985 - val_loss: 0.2396 - val_acc: 0.9814
Epoch 78/200
2265/2266 [============================>.] - ETA: 0s - loss: 0.1521 - acc: 0.9984Epoch 00077: val_acc did not improve
2266/2266 [==============================] - 201s - loss: 0.1521 - acc: 0.9984 - val_loss: 0.2261 - val_acc: 0.9833
Epoch 79/200
2265/2266 [============================>.] - ETA: 0s - loss: 0.1510 - acc: 0.9986Epoch 00078: val_acc did not improve
2266/2266 [==============================] - 201s - loss: 0.1510 - acc: 0.9986 - val_loss: 0.2359 - val_acc: 0.9802
Epoch 80/200
2265/2266 [============================>.] - ETA: 0s - loss: 0.1507 - acc: 0.9985Epoch 00079: val_acc did not improve

Epoch 00079: reducing learning rate to 0.015625.
2266/2266 [==============================] - 202s - loss: 0.1507 - acc: 0.9985 - val_loss: 0.2342 - val_acc: 0.9827
Epoch 81/200
2265/2266 [============================>.] - ETA: 0s - loss: 0.1490 - acc: 0.9989Epoch 00080: val_acc did not improve
2266/2266 [==============================] - 201s - loss: 0.1490 - acc: 0.9989 - val_loss: 0.2344 - val_acc: 0.9825
Epoch 82/200
2265/2266 [============================>.] - ETA: 0s - loss: 0.1488 - acc: 0.9990Epoch 00081: val_acc did not improve
2266/2266 [==============================] - 201s - loss: 0.1488 - acc: 0.9990 - val_loss: 0.2294 - val_acc: 0.9826
Epoch 83/200
2265/2266 [============================>.] - ETA: 0s - loss: 0.1486 - acc: 0.9988Epoch 00082: val_acc did not improve
2266/2266 [==============================] - 201s - loss: 0.1486 - acc: 0.9988 - val_loss: 0.2360 - val_acc: 0.9816
Epoch 84/200
2265/2266 [============================>.] - ETA: 0s - loss: 0.1490 - acc: 0.9985Epoch 00083: val_acc did not improve
2266/2266 [==============================] - 201s - loss: 0.1490 - acc: 0.9985 - val_loss: 0.2267 - val_acc: 0.9825
Epoch 00083: early stopping
Loading best model from check-point and testing...
C:\Programming\Anaconda3-4.2.0\lib\site-packages\sklearn\metrics\classification.py:1113: UndefinedMetricWarning: Precision and F-score are ill-defined and being set to 0.0 in labels with no predicted samples.
  'precision', 'predicted', average, warn_for)
                          precision    recall  f1-score   support

               12-8-Time       1.00      1.00      1.00        40
                2-2-Time       1.00      0.97      0.99        39
                2-4-Time       1.00      1.00      1.00        44
                2-8-Time       1.00      1.00      1.00         1
                3-4-Time       1.00      1.00      1.00        48
                3-8-Time       0.95      1.00      0.98        42
                4-4-Time       1.00      1.00      1.00        42
                5-4-Time       1.00      1.00      1.00         1
                5-8-Time       0.00      0.00      0.00         1
                6-8-Time       1.00      0.98      0.99        42
                9-8-Time       1.00      0.97      0.99        40
                  Accent       0.97      0.97      0.97        62
                Arpeggio       1.00      0.50      0.67         2
                 Barline       0.99      0.99      0.99       679
                    Beam       0.97      0.97      0.97       793
                   Brace       0.97      0.97      0.97        35
             Breath-Mark       0.50      1.00      0.67         1
                   Breve       1.00      1.00      1.00         2
                  C-Clef       0.99      1.00      1.00       168
                   Chord       0.85      1.00      0.92        11
             Common-Time       0.99      0.99      0.99        68
                Cut-Time       1.00      0.98      0.99        63
                     Dot       0.99      0.99      0.99       477
            Double-Sharp       1.00      0.99      0.99        93
       Double-Whole-Rest       1.00      1.00      1.00        15
       Eighth-Grace-Note       1.00      1.00      1.00         1
             Eighth-Note       0.99      0.99      0.99       313
             Eighth-Rest       0.97      1.00      0.98       225
                  F-Clef       0.99      0.99      0.99       154
                 Fermata       1.00      1.00      1.00        13
                    Flat       0.98      0.99      0.99       308
                  G-Clef       1.00      0.99      0.99       244
               Glissando       1.00      0.83      0.91        12
       Hairpin-Crescendo       1.00      1.00      1.00        22
     Hairpin-Decrescendo       0.96      1.00      0.98        26
               Half-Note       0.98      0.99      0.99       148
      Horizontal-Spanner       0.00      0.00      0.00         1
                 Marcato       0.88      1.00      0.93         7
                 Mordent       1.00      1.00      1.00         8
   Multiple-Eighth-Notes       1.00      1.00      1.00         9
     Multiple-Half-Notes       1.00      1.00      1.00         3
  Multiple-Quarter-Notes       1.00      0.92      0.96        24
Multiple-Sixteenth-Notes       1.00      1.00      1.00         8
                 Natural       1.00      0.99      0.99       309
                   Other       0.96      0.95      0.96       664
            Quarter-Note       1.00      1.00      1.00      1794
            Quarter-Rest       0.97      0.98      0.98       177
          Repeat-Measure       1.00      1.00      1.00         1
                   Sharp       0.99      1.00      1.00       416
          Sixteenth-Note       0.95      0.99      0.97       124
          Sixteenth-Rest       0.98      0.98      0.98       117
         Sixty-Four-Note       0.96      0.90      0.93        88
         Sixty-Four-Rest       0.96      1.00      0.98        54
           Staccatissimo       0.91      0.91      0.91        11
                 Stopped       1.00      1.00      1.00         8
                  Tenuto       0.78      0.75      0.77        24
         Thirty-Two-Note       0.90      0.91      0.90        95
         Thirty-Two-Rest       0.97      0.97      0.97        63
                Tie-Slur       0.98      0.97      0.97       377
                   Trill       0.94      1.00      0.97        17
            Trill-Wobble       1.00      1.00      1.00         2
                  Tuplet       1.00      1.00      1.00         7
                    Turn       1.00      1.00      1.00         8
                   Volta       0.50      1.00      0.67         1
         Whole-Half-Rest       0.94      1.00      0.97        97
              Whole-Note       0.96      0.96      0.96       233

             avg / total       0.98      0.98      0.98      9022

Misclassified files:
        2-2-Time\45-44_3.png is incorrectly classified as Natural
        5-8-Time\symbol44.png is incorrectly classified as 3-8-Time
        6-8-Time\symbol223.png is incorrectly classified as Chord
        9-8-Time\symbol146.png is incorrectly classified as 3-8-Time
        Accent\MUSCIMA-pp_0.9___CVC-MUSCIMA_W-24_N-01_D-ideal___679.png is incorrectly classified as Hairpin-Decrescendo
        Accent\MUSCIMA-pp_0.9___CVC-MUSCIMA_W-38_N-18_D-ideal___627.png is incorrectly classified as Other
        Arpeggio\MUSCIMA-pp_0.9___CVC-MUSCIMA_W-21_N-08_D-ideal___593.png is incorrectly classified as Quarter-Rest
        Barline\MUSCIMA-pp_0.9___CVC-MUSCIMA_W-06_N-16_D-ideal___72.png is incorrectly classified as Quarter-Rest
        Barline\MUSCIMA-pp_0.9___CVC-MUSCIMA_W-13_N-16_D-ideal___121.png is incorrectly classified as Beam
        Barline\MUSCIMA-pp_0.9___CVC-MUSCIMA_W-16_N-17_D-ideal___763.png is incorrectly classified as Quarter-Note
        Barline\MUSCIMA-pp_0.9___CVC-MUSCIMA_W-30_N-17_D-ideal___771.png is incorrectly classified as Brace
        Barline\symbol7196.png is incorrectly classified as Dot
        Beam\MUSCIMA-pp_0.9___CVC-MUSCIMA_W-05_N-19_D-ideal___103.png is incorrectly classified as Tie-Slur
        Beam\MUSCIMA-pp_0.9___CVC-MUSCIMA_W-07_N-05_D-ideal___293.png is incorrectly classified as Whole-Half-Rest
        Beam\MUSCIMA-pp_0.9___CVC-MUSCIMA_W-07_N-08_D-ideal___405.png is incorrectly classified as Flat
        Beam\MUSCIMA-pp_0.9___CVC-MUSCIMA_W-08_N-15_D-ideal___192.png is incorrectly classified as Dot
        Beam\MUSCIMA-pp_0.9___CVC-MUSCIMA_W-10_N-07_D-ideal___369.png is incorrectly classified as Tenuto
        Beam\MUSCIMA-pp_0.9___CVC-MUSCIMA_W-14_N-08_D-ideal___494.png is incorrectly classified as Other
        Beam\MUSCIMA-pp_0.9___CVC-MUSCIMA_W-15_N-15_D-ideal___491.png is incorrectly classified as Tenuto
        Beam\MUSCIMA-pp_0.9___CVC-MUSCIMA_W-22_N-10_D-ideal___453.png is incorrectly classified as Tie-Slur
        Beam\MUSCIMA-pp_0.9___CVC-MUSCIMA_W-22_N-15_D-ideal___286.png is incorrectly classified as Tie-Slur
        Beam\MUSCIMA-pp_0.9___CVC-MUSCIMA_W-22_N-15_D-ideal___349.png is incorrectly classified as Tenuto
        Beam\MUSCIMA-pp_0.9___CVC-MUSCIMA_W-22_N-15_D-ideal___354.png is incorrectly classified as Tie-Slur
        Beam\MUSCIMA-pp_0.9___CVC-MUSCIMA_W-28_N-08_D-ideal___307.png is incorrectly classified as Whole-Half-Rest
        Beam\MUSCIMA-pp_0.9___CVC-MUSCIMA_W-29_N-10_D-ideal___871.png is incorrectly classified as Tie-Slur
        Beam\MUSCIMA-pp_0.9___CVC-MUSCIMA_W-37_N-06_D-ideal___477.png is incorrectly classified as Dot
        Beam\MUSCIMA-pp_0.9___CVC-MUSCIMA_W-37_N-17_D-ideal___418.png is incorrectly classified as Tie-Slur
        Beam\MUSCIMA-pp_0.9___CVC-MUSCIMA_W-40_N-04_D-ideal___344.png is incorrectly classified as Whole-Half-Rest
        Beam\MUSCIMA-pp_0.9___CVC-MUSCIMA_W-49_N-05_D-ideal___105.png is incorrectly classified as Tenuto
        Beam\MUSCIMA-pp_0.9___CVC-MUSCIMA_W-49_N-05_D-ideal___147.png is incorrectly classified as Tenuto
        Beam\MUSCIMA-pp_0.9___CVC-MUSCIMA_W-50_N-08_D-ideal___397.png is incorrectly classified as Other
        Beam\symbol2743.png is incorrectly classified as F-Clef
        Beam\symbol2804.png is incorrectly classified as F-Clef
        Brace\MUSCIMA-pp_0.9___CVC-MUSCIMA_W-44_N-17_D-ideal___717.png is incorrectly classified as Barline
        Common-Time\25-44_3.png is incorrectly classified as Other
        Cut-Time\symbol360.png is incorrectly classified as Chord
        Dot\12-52_3.png is incorrectly classified as Beam
        Dot\42-146_3.png is incorrectly classified as Whole-Half-Rest
        Dot\63-145_3.png is incorrectly classified as Other
        Dot\MUSCIMA-pp_0.9___CVC-MUSCIMA_W-21_N-05_D-ideal___450.png is incorrectly classified as Accent
        Dot\MUSCIMA-pp_0.9___CVC-MUSCIMA_W-36_N-10_D-ideal___150.png is incorrectly classified as Other
        Dot\MUSCIMA-pp_0.9___CVC-MUSCIMA_W-36_N-10_D-ideal___442.png is incorrectly classified as Other
        Dot\symbol200.png is incorrectly classified as Staccatissimo
        Double-Sharp\92-61_3.png is incorrectly classified as Other
        Eighth-Note\61-99_3.png is incorrectly classified as Sixteenth-Note
        Eighth-Note\85-101_3.png is incorrectly classified as Sixteenth-Note
        Eighth-Note\MUSCIMA-pp_0.9___CVC-MUSCIMA_W-15_N-10_D-ideal___136.png is incorrectly classified as Quarter-Note
        Eighth-Rest\symbol8030.png is incorrectly classified as Sixteenth-Rest
        F-Clef\fa4.png is incorrectly classified as Eighth-Note
        F-Clef\symbol1627.png is incorrectly classified as Whole-Note
        Flat\MUSCIMA-pp_0.9___CVC-MUSCIMA_W-02_N-06_D-ideal___386.png is incorrectly classified as Other
        Flat\symbol2304.png is incorrectly classified as Thirty-Two-Note
        G-Clef\3-79_3.png is incorrectly classified as Thirty-Two-Rest
        G-Clef\3-80_3.png is incorrectly classified as C-Clef
        G-Clef\symbol11722.png is incorrectly classified as Flat
        Glissando\MUSCIMA-pp_0.9___CVC-MUSCIMA_W-26_N-19_D-ideal___458.png is incorrectly classified as Beam
        Glissando\MUSCIMA-pp_0.9___CVC-MUSCIMA_W-33_N-19_D-ideal___450.png is incorrectly classified as Beam
        Half-Note\33-78_3.png is incorrectly classified as Barline
        Horizontal-Spanner\MUSCIMA-pp_0.9___CVC-MUSCIMA_W-25_N-12_D-ideal___596.png is incorrectly classified as Volta
        Multiple-Quarter-Notes\symbol4681.png is incorrectly classified as Quarter-Note
        Multiple-Quarter-Notes\symbol5192.png is incorrectly classified as Quarter-Note
        Natural\45-68_3.png is incorrectly classified as Quarter-Rest
        Natural\82-65_3.png is incorrectly classified as Quarter-Rest
        Natural\juan_BN_153.png is incorrectly classified as Sharp
        Other\MUSCIMA-pp_0.9___CVC-MUSCIMA_W-01_N-14_D-ideal___516.png is incorrectly classified as Whole-Half-Rest
        Other\MUSCIMA-pp_0.9___CVC-MUSCIMA_W-02_N-06_D-ideal___687.png is incorrectly classified as Sharp
        Other\MUSCIMA-pp_0.9___CVC-MUSCIMA_W-03_N-01_D-ideal___607.png is incorrectly classified as Whole-Note
        Other\MUSCIMA-pp_0.9___CVC-MUSCIMA_W-08_N-14_D-ideal___497.png is incorrectly classified as Quarter-Note
        Other\MUSCIMA-pp_0.9___CVC-MUSCIMA_W-08_N-15_D-ideal___569.png is incorrectly classified as Whole-Note
        Other\MUSCIMA-pp_0.9___CVC-MUSCIMA_W-10_N-07_D-ideal___525.png is incorrectly classified as Sharp
        Other\MUSCIMA-pp_0.9___CVC-MUSCIMA_W-12_N-04_D-ideal___556.png is incorrectly classified as Whole-Note
        Other\MUSCIMA-pp_0.9___CVC-MUSCIMA_W-14_N-05_D-ideal___422.png is incorrectly classified as Eighth-Rest
        Other\MUSCIMA-pp_0.9___CVC-MUSCIMA_W-15_N-14_D-ideal___299.png is incorrectly classified as Flat
        Other\MUSCIMA-pp_0.9___CVC-MUSCIMA_W-17_N-01_D-ideal___731.png is incorrectly classified as Eighth-Rest
        Other\MUSCIMA-pp_0.9___CVC-MUSCIMA_W-22_N-14_D-ideal___477.png is incorrectly classified as Whole-Note
        Other\MUSCIMA-pp_0.9___CVC-MUSCIMA_W-22_N-14_D-ideal___527.png is incorrectly classified as Whole-Note
        Other\MUSCIMA-pp_0.9___CVC-MUSCIMA_W-23_N-13_D-ideal___523.png is incorrectly classified as Breath-Mark
        Other\MUSCIMA-pp_0.9___CVC-MUSCIMA_W-23_N-13_D-ideal___528.png is incorrectly classified as Whole-Note
        Other\MUSCIMA-pp_0.9___CVC-MUSCIMA_W-24_N-01_D-ideal___610.png is incorrectly classified as Flat
        Other\MUSCIMA-pp_0.9___CVC-MUSCIMA_W-24_N-07_D-ideal___323.png is incorrectly classified as Beam
        Other\MUSCIMA-pp_0.9___CVC-MUSCIMA_W-27_N-03_D-ideal___444.png is incorrectly classified as Eighth-Rest
        Other\MUSCIMA-pp_0.9___CVC-MUSCIMA_W-30_N-06_D-ideal___533.png is incorrectly classified as Whole-Note
        Other\MUSCIMA-pp_0.9___CVC-MUSCIMA_W-31_N-01_D-ideal___272.png is incorrectly classified as Flat
        Other\MUSCIMA-pp_0.9___CVC-MUSCIMA_W-31_N-01_D-ideal___639.png is incorrectly classified as Dot
        Other\MUSCIMA-pp_0.9___CVC-MUSCIMA_W-32_N-20_D-ideal___181.png is incorrectly classified as Beam
        Other\MUSCIMA-pp_0.9___CVC-MUSCIMA_W-33_N-19_D-ideal___483.png is incorrectly classified as Whole-Note
        Other\MUSCIMA-pp_0.9___CVC-MUSCIMA_W-36_N-10_D-ideal___178.png is incorrectly classified as Tie-Slur
        Other\MUSCIMA-pp_0.9___CVC-MUSCIMA_W-36_N-15_D-ideal___29.png is incorrectly classified as Sharp
        Other\MUSCIMA-pp_0.9___CVC-MUSCIMA_W-38_N-07_D-ideal___507.png is incorrectly classified as Trill
        Other\MUSCIMA-pp_0.9___CVC-MUSCIMA_W-43_N-14_D-ideal___573.png is incorrectly classified as Tie-Slur
        Other\MUSCIMA-pp_0.9___CVC-MUSCIMA_W-44_N-13_D-ideal___500.png is incorrectly classified as Whole-Note
        Other\MUSCIMA-pp_0.9___CVC-MUSCIMA_W-44_N-13_D-ideal___533.png is incorrectly classified as Common-Time
        Other\symbol102902.png is incorrectly classified as Quarter-Note
        Other\symbol103862.png is incorrectly classified as Quarter-Note
        Other\symbol110870.png is incorrectly classified as Marcato
        Other\symbol15226.png is incorrectly classified as Half-Note
        Other\symbol386.png is incorrectly classified as Whole-Half-Rest
        Other\symbol471.png is incorrectly classified as Beam
        Other\symbol5413.png is incorrectly classified as Half-Note
        Quarter-Note\6.png is incorrectly classified as Eighth-Note
        Quarter-Note\76-91_3.png is incorrectly classified as Half-Note
        Quarter-Note\MUSCIMA-pp_0.9___CVC-MUSCIMA_W-05_N-19_D-ideal___340.png is incorrectly classified as Quarter-Rest
        Quarter-Note\MUSCIMA-pp_0.9___CVC-MUSCIMA_W-10_N-07_D-ideal___138.png is incorrectly classified as Barline
        Quarter-Note\MUSCIMA-pp_0.9___CVC-MUSCIMA_W-18_N-12_D-ideal___83.png is incorrectly classified as Eighth-Rest
        Quarter-Note\MUSCIMA-pp_0.9___CVC-MUSCIMA_W-38_N-07_D-ideal___130.png is incorrectly classified as Flat
        Quarter-Note\MUSCIMA-pp_0.9___CVC-MUSCIMA_W-39_N-20_D-ideal___603.png is incorrectly classified as Other
        Quarter-Note\symbol297.png is incorrectly classified as Other
        Quarter-Rest\1-101_3.png is incorrectly classified as Barline
        Quarter-Rest\2-101_3.png is incorrectly classified as Quarter-Note
        Quarter-Rest\MUSCIMA-pp_0.9___CVC-MUSCIMA_W-42_N-08_D-ideal___523.png is incorrectly classified as Eighth-Rest
        Sixteenth-Note\MUSCIMA-pp_0.9___CVC-MUSCIMA_W-09_N-17_D-ideal___109.png is incorrectly classified as Eighth-Note
        Sixteenth-Rest\49-120_3.png is incorrectly classified as Eighth-Rest
        Sixteenth-Rest\91-117_3.png is incorrectly classified as Thirty-Two-Rest
        Sixty-Four-Note\2.png is incorrectly classified as Thirty-Two-Note
        Sixty-Four-Note\32-135_3.png is incorrectly classified as Thirty-Two-Note
        Sixty-Four-Note\42-139_3.png is incorrectly classified as Thirty-Two-Note
        Sixty-Four-Note\75-139_3.png is incorrectly classified as Thirty-Two-Note
        Sixty-Four-Note\86-133_3.png is incorrectly classified as Thirty-Two-Note
        Sixty-Four-Note\86-136_3.png is incorrectly classified as Thirty-Two-Note
        Sixty-Four-Note\98-135_3.png is incorrectly classified as Thirty-Two-Note
        Sixty-Four-Note\98-137_3.png is incorrectly classified as Thirty-Two-Note
        Sixty-Four-Note\98-138_3.png is incorrectly classified as Thirty-Two-Note
        Staccatissimo\symbols57.png is incorrectly classified as Dot
        Tenuto\MUSCIMA-pp_0.9___CVC-MUSCIMA_W-12_N-04_D-ideal___696.png is incorrectly classified as Beam
        Tenuto\MUSCIMA-pp_0.9___CVC-MUSCIMA_W-19_N-04_D-ideal___607.png is incorrectly classified as Beam
        Tenuto\MUSCIMA-pp_0.9___CVC-MUSCIMA_W-19_N-04_D-ideal___620.png is incorrectly classified as Beam
        Tenuto\MUSCIMA-pp_0.9___CVC-MUSCIMA_W-28_N-05_D-ideal___592.png is incorrectly classified as Beam
        Tenuto\MUSCIMA-pp_0.9___CVC-MUSCIMA_W-33_N-04_D-ideal___364.png is incorrectly classified as Beam
        Tenuto\MUSCIMA-pp_0.9___CVC-MUSCIMA_W-40_N-04_D-ideal___624.png is incorrectly classified as Beam
        Thirty-Two-Note\12-140_3.png is incorrectly classified as Sixty-Four-Rest
        Thirty-Two-Note\2-139_3.png is incorrectly classified as Sixteenth-Note
        Thirty-Two-Note\36-123_3.png is incorrectly classified as Sixteenth-Note
        Thirty-Two-Note\38-127_3.png is incorrectly classified as Sixteenth-Note
        Thirty-Two-Note\39-125_3.png is incorrectly classified as Sixty-Four-Note
        Thirty-Two-Note\39-126_3.png is incorrectly classified as Sixty-Four-Note
        Thirty-Two-Note\77-125_3.png is incorrectly classified as Sixteenth-Note
        Thirty-Two-Note\symbols95.png is incorrectly classified as Sixty-Four-Note
        Thirty-Two-Note\symbols96.png is incorrectly classified as Accent
        Thirty-Two-Rest\2-141_3.png is incorrectly classified as Sixteenth-Rest
        Thirty-Two-Rest\70-129_3.png is incorrectly classified as Sixty-Four-Rest
        Tie-Slur\MUSCIMA-pp_0.9___CVC-MUSCIMA_W-10_N-18_D-ideal___645.png is incorrectly classified as Beam
        Tie-Slur\MUSCIMA-pp_0.9___CVC-MUSCIMA_W-14_N-08_D-ideal___367.png is incorrectly classified as Other
        Tie-Slur\MUSCIMA-pp_0.9___CVC-MUSCIMA_W-17_N-18_D-ideal___431.png is incorrectly classified as Other
        Tie-Slur\MUSCIMA-pp_0.9___CVC-MUSCIMA_W-20_N-16_D-ideal___442.png is incorrectly classified as Beam
        Tie-Slur\MUSCIMA-pp_0.9___CVC-MUSCIMA_W-20_N-16_D-ideal___507.png is incorrectly classified as Beam
        Tie-Slur\MUSCIMA-pp_0.9___CVC-MUSCIMA_W-24_N-18_D-ideal___659.png is incorrectly classified as Beam
        Tie-Slur\MUSCIMA-pp_0.9___CVC-MUSCIMA_W-29_N-10_D-ideal___503.png is incorrectly classified as Other
        Tie-Slur\MUSCIMA-pp_0.9___CVC-MUSCIMA_W-31_N-01_D-ideal___557.png is incorrectly classified as Beam
        Tie-Slur\MUSCIMA-pp_0.9___CVC-MUSCIMA_W-32_N-09_D-ideal___19.png is incorrectly classified as Beam
        Tie-Slur\MUSCIMA-pp_0.9___CVC-MUSCIMA_W-32_N-20_D-ideal___583.png is incorrectly classified as Beam
        Tie-Slur\MUSCIMA-pp_0.9___CVC-MUSCIMA_W-34_N-03_D-ideal___86.png is incorrectly classified as Beam
        Tie-Slur\MUSCIMA-pp_0.9___CVC-MUSCIMA_W-49_N-11_D-ideal___575.png is incorrectly classified as Beam
        Tie-Slur\symbol102856.png is incorrectly classified as Beam
        Whole-Note\MUSCIMA-pp_0.9___CVC-MUSCIMA_W-05_N-19_D-ideal___471.png is incorrectly classified as Other
        Whole-Note\MUSCIMA-pp_0.9___CVC-MUSCIMA_W-25_N-20_D-ideal___250.png is incorrectly classified as Other
        Whole-Note\MUSCIMA-pp_0.9___CVC-MUSCIMA_W-25_N-20_D-ideal___274.png is incorrectly classified as Other
        Whole-Note\MUSCIMA-pp_0.9___CVC-MUSCIMA_W-28_N-08_D-ideal___255.png is incorrectly classified as Other
        Whole-Note\MUSCIMA-pp_0.9___CVC-MUSCIMA_W-32_N-20_D-ideal___615.png is incorrectly classified as Other
        Whole-Note\MUSCIMA-pp_0.9___CVC-MUSCIMA_W-33_N-19_D-ideal___128.png is incorrectly classified as Other
        Whole-Note\MUSCIMA-pp_0.9___CVC-MUSCIMA_W-33_N-19_D-ideal___132.png is incorrectly classified as Other
        Whole-Note\MUSCIMA-pp_0.9___CVC-MUSCIMA_W-35_N-08_D-ideal___147.png is incorrectly classified as Other
        Whole-Note\MUSCIMA-pp_0.9___CVC-MUSCIMA_W-37_N-06_D-ideal___255.png is incorrectly classified as Other
        Whole-Note\MUSCIMA-pp_0.9___CVC-MUSCIMA_W-47_N-12_D-ideal___0.png is incorrectly classified as Other
loss: 0.25620
acc: 0.98193
Total Accuracy: 98.19331%
Total Error: 1.80669%
Execution time: 16950.3s
WARNING:googleapiclient.discovery_cache:file_cache is unavailable when using oauth2client >= 4.0.0
Traceback (most recent call last):
  File "C:\Programming\Anaconda3-4.2.0\lib\site-packages\googleapiclient\discovery_cache\__init__.py", line 36, in autodetect
    from google.appengine.api import memcache
ImportError: No module named 'google.appengine'

During handling of the above exception, another exception occurred:

Traceback (most recent call last):
  File "C:\Programming\Anaconda3-4.2.0\lib\site-packages\googleapiclient\discovery_cache\file_cache.py", line 33, in <module>
    from oauth2client.contrib.locked_file import LockedFile
ImportError: No module named 'oauth2client.contrib.locked_file'

During handling of the above exception, another exception occurred:

Traceback (most recent call last):
  File "C:\Programming\Anaconda3-4.2.0\lib\site-packages\googleapiclient\discovery_cache\file_cache.py", line 37, in <module>
    from oauth2client.locked_file import LockedFile
ImportError: No module named 'oauth2client.locked_file'

During handling of the above exception, another exception occurred:

Traceback (most recent call last):
  File "C:\Programming\Anaconda3-4.2.0\lib\site-packages\googleapiclient\discovery_cache\__init__.py", line 41, in autodetect
    from . import file_cache
  File "C:\Programming\Anaconda3-4.2.0\lib\site-packages\googleapiclient\discovery_cache\file_cache.py", line 41, in <module>
    'file_cache is unavailable when using oauth2client >= 4.0.0')
ImportError: file_cache is unavailable when using oauth2client >= 4.0.0
Uploading results to Google Spreadsheet and appending at first empty line 196
**********************
Windows PowerShell transcript end
End time: 20170729002531
**********************
